{"total": {"lines":{"total":48753,"covered":23151,"skipped":0,"pct":47.48},"statements":{"total":54249,"covered":25296,"skipped":0,"pct":46.62},"functions":{"total":14474,"covered":6021,"skipped":0,"pct":41.59},"branches":{"total":30019,"covered":8669,"skipped":0,"pct":28.87},"branchesTrue":{"total":0,"covered":0,"skipped":0,"pct":100}}
,"/Users/takemiyamakoto/dev/polkaswap-exchange-web/package.json": {"lines":{"total":0,"covered":0,"skipped":0,"pct":100},"functions":{"total":0,"covered":0,"skipped":0,"pct":100},"statements":{"total":0,"covered":0,"skipped":0,"pct":100},"branches":{"total":0,"covered":0,"skipped":0,"pct":100}}
,"/Users/takemiyamakoto/dev/polkaswap-exchange-web/public/env.json": {"lines":{"total":0,"covered":0,"skipped":0,"pct":100},"functions":{"total":0,"covered":0,"skipped":0,"pct":100},"statements":{"total":0,"covered":0,"skipped":0,"pct":100},"branches":{"total":0,"covered":0,"skipped":0,"pct":100}}
,"/Users/takemiyamakoto/dev/polkaswap-exchange-web/scripts/lint-staged/eslint-task.mjs": {"lines":{"total":18,"covered":16,"skipped":0,"pct":88.88},"functions":{"total":5,"covered":5,"skipped":0,"pct":100},"statements":{"total":20,"covered":18,"skipped":0,"pct":90},"branches":{"total":18,"covered":16,"skipped":0,"pct":88.88}}
,"/Users/takemiyamakoto/dev/polkaswap-exchange-web/src/App.vue": {"lines":{"total":0,"covered":0,"skipped":0,"pct":100},"functions":{"total":0,"covered":0,"skipped":0,"pct":100},"statements":{"total":0,"covered":0,"skipped":0,"pct":100},"branches":{"total":0,"covered":0,"skipped":0,"pct":100}}
,"/Users/takemiyamakoto/dev/polkaswap-exchange-web/src/redirect.ts": {"lines":{"total":47,"covered":46,"skipped":0,"pct":97.87},"functions":{"total":9,"covered":9,"skipped":0,"pct":100},"statements":{"total":56,"covered":51,"skipped":0,"pct":91.07},"branches":{"total":44,"covered":36,"skipped":0,"pct":81.81}}
,"/Users/takemiyamakoto/dev/polkaswap-exchange-web/src/abi/ethereum/internal/MASTER.json": {"lines":{"total":0,"covered":0,"skipped":0,"pct":100},"functions":{"total":0,"covered":0,"skipped":0,"pct":100},"statements":{"total":0,"covered":0,"skipped":0,"pct":100},"branches":{"total":0,"covered":0,"skipped":0,"pct":100}}
,"/Users/takemiyamakoto/dev/polkaswap-exchange-web/src/abi/ethereum/other/BRIDGE.json": {"lines":{"total":0,"covered":0,"skipped":0,"pct":100},"functions":{"total":0,"covered":0,"skipped":0,"pct":100},"statements":{"total":0,"covered":0,"skipped":0,"pct":100},"branches":{"total":0,"covered":0,"skipped":0,"pct":100}}
,"/Users/takemiyamakoto/dev/polkaswap-exchange-web/src/abi/ethereum/other/ERC20.json": {"lines":{"total":0,"covered":0,"skipped":0,"pct":100},"functions":{"total":0,"covered":0,"skipped":0,"pct":100},"statements":{"total":0,"covered":0,"skipped":0,"pct":100},"branches":{"total":0,"covered":0,"skipped":0,"pct":100}}
,"/Users/takemiyamakoto/dev/polkaswap-exchange-web/src/abi/ethereum/other/moonbeam/xTokens.json": {"lines":{"total":0,"covered":0,"skipped":0,"pct":100},"functions":{"total":0,"covered":0,"skipped":0,"pct":100},"statements":{"total":0,"covered":0,"skipped":0,"pct":100},"branches":{"total":0,"covered":0,"skipped":0,"pct":100}}
,"/Users/takemiyamakoto/dev/polkaswap-exchange-web/src/adapters/router/navigation.ts": {"lines":{"total":21,"covered":21,"skipped":0,"pct":100},"functions":{"total":3,"covered":3,"skipped":0,"pct":100},"statements":{"total":22,"covered":21,"skipped":0,"pct":95.45},"branches":{"total":12,"covered":10,"skipped":0,"pct":83.33}}
,"/Users/takemiyamakoto/dev/polkaswap-exchange-web/src/adapters/wallet/addresses.ts": {"lines":{"total":10,"covered":10,"skipped":0,"pct":100},"functions":{"total":2,"covered":2,"skipped":0,"pct":100},"statements":{"total":11,"covered":11,"skipped":0,"pct":100},"branches":{"total":6,"covered":6,"skipped":0,"pct":100}}
,"/Users/takemiyamakoto/dev/polkaswap-exchange-web/src/adapters/wallet/referrals.ts": {"lines":{"total":4,"covered":4,"skipped":0,"pct":100},"functions":{"total":1,"covered":1,"skipped":0,"pct":100},"statements":{"total":4,"covered":4,"skipped":0,"pct":100},"branches":{"total":0,"covered":0,"skipped":0,"pct":100}}
,"/Users/takemiyamakoto/dev/polkaswap-exchange-web/src/api/index.ts": {"lines":{"total":35,"covered":29,"skipped":0,"pct":82.85},"functions":{"total":8,"covered":5,"skipped":0,"pct":62.5},"statements":{"total":42,"covered":31,"skipped":0,"pct":73.8},"branches":{"total":32,"covered":18,"skipped":0,"pct":56.25}}
,"/Users/takemiyamakoto/dev/polkaswap-exchange-web/src/app/bootstrap/index.ts": {"lines":{"total":29,"covered":29,"skipped":0,"pct":100},"functions":{"total":3,"covered":3,"skipped":0,"pct":100},"statements":{"total":29,"covered":29,"skipped":0,"pct":100},"branches":{"total":8,"covered":7,"skipped":0,"pct":87.5}}
,"/Users/takemiyamakoto/dev/polkaswap-exchange-web/src/app/navigation/loading.ts": {"lines":{"total":4,"covered":4,"skipped":0,"pct":100},"functions":{"total":1,"covered":1,"skipped":0,"pct":100},"statements":{"total":4,"covered":4,"skipped":0,"pct":100},"branches":{"total":0,"covered":0,"skipped":0,"pct":100}}
,"/Users/takemiyamakoto/dev/polkaswap-exchange-web/src/app/router/index.ts": {"lines":{"total":16,"covered":16,"skipped":0,"pct":100},"functions":{"total":2,"covered":2,"skipped":0,"pct":100},"statements":{"total":17,"covered":17,"skipped":0,"pct":100},"branches":{"total":6,"covered":5,"skipped":0,"pct":83.33}}
,"/Users/takemiyamakoto/dev/polkaswap-exchange-web/src/app/router/routes.ts": {"lines":{"total":1,"covered":1,"skipped":0,"pct":100},"functions":{"total":0,"covered":0,"skipped":0,"pct":100},"statements":{"total":1,"covered":1,"skipped":0,"pct":100},"branches":{"total":0,"covered":0,"skipped":0,"pct":100}}
,"/Users/takemiyamakoto/dev/polkaswap-exchange-web/src/app/router/guards/decisions.ts": {"lines":{"total":27,"covered":27,"skipped":0,"pct":100},"functions":{"total":5,"covered":5,"skipped":0,"pct":100},"statements":{"total":27,"covered":27,"skipped":0,"pct":100},"branches":{"total":28,"covered":23,"skipped":0,"pct":82.14}}
,"/Users/takemiyamakoto/dev/polkaswap-exchange-web/src/app/router/guards/navigation.ts": {"lines":{"total":39,"covered":39,"skipped":0,"pct":100},"functions":{"total":6,"covered":6,"skipped":0,"pct":100},"statements":{"total":40,"covered":40,"skipped":0,"pct":100},"branches":{"total":25,"covered":25,"skipped":0,"pct":100}}
,"/Users/takemiyamakoto/dev/polkaswap-exchange-web/src/app/shell/AppShell.vue": {"lines":{"total":7,"covered":6,"skipped":0,"pct":85.71},"functions":{"total":2,"covered":1,"skipped":0,"pct":50},"statements":{"total":7,"covered":6,"skipped":0,"pct":85.71},"branches":{"total":2,"covered":1,"skipped":0,"pct":50}}
,"/Users/takemiyamakoto/dev/polkaswap-exchange-web/src/app/shell/AppShellLayout.vue": {"lines":{"total":5,"covered":5,"skipped":0,"pct":100},"functions":{"total":2,"covered":2,"skipped":0,"pct":100},"statements":{"total":5,"covered":5,"skipped":0,"pct":100},"branches":{"total":2,"covered":1,"skipped":0,"pct":50}}
,"/Users/takemiyamakoto/dev/polkaswap-exchange-web/src/app/shell/AppShellOverlays.vue": {"lines":{"total":11,"covered":4,"skipped":0,"pct":36.36},"functions":{"total":8,"covered":1,"skipped":0,"pct":12.5},"statements":{"total":11,"covered":4,"skipped":0,"pct":36.36},"branches":{"total":33,"covered":31,"skipped":0,"pct":93.93}}
,"/Users/takemiyamakoto/dev/polkaswap-exchange-web/src/app/shell/components.ts": {"lines":{"total":17,"covered":17,"skipped":0,"pct":100},"functions":{"total":12,"covered":12,"skipped":0,"pct":100},"statements":{"total":24,"covered":24,"skipped":0,"pct":100},"branches":{"total":0,"covered":0,"skipped":0,"pct":100}}
,"/Users/takemiyamakoto/dev/polkaswap-exchange-web/src/app/shell/context.ts": {"lines":{"total":6,"covered":6,"skipped":0,"pct":100},"functions":{"total":1,"covered":1,"skipped":0,"pct":100},"statements":{"total":6,"covered":6,"skipped":0,"pct":100},"branches":{"total":2,"covered":2,"skipped":0,"pct":100}}
,"/Users/takemiyamakoto/dev/polkaswap-exchange-web/src/app/shell/useAppShell.ts": {"lines":{"total":408,"covered":283,"skipped":0,"pct":69.36},"functions":{"total":102,"covered":59,"skipped":0,"pct":57.84},"statements":{"total":450,"covered":299,"skipped":0,"pct":66.44},"branches":{"total":215,"covered":89,"skipped":0,"pct":41.39}}
,"/Users/takemiyamakoto/dev/polkaswap-exchange-web/src/app/shell/policies/resolveAppMainRouteClass.ts": {"lines":{"total":5,"covered":5,"skipped":0,"pct":100},"functions":{"total":1,"covered":1,"skipped":0,"pct":100},"statements":{"total":5,"covered":5,"skipped":0,"pct":100},"branches":{"total":6,"covered":6,"skipped":0,"pct":100}}
,"/Users/takemiyamakoto/dev/polkaswap-exchange-web/src/app/shell/policies/resolveDialogVisibilityOnRouteChange.ts": {"lines":{"total":3,"covered":3,"skipped":0,"pct":100},"functions":{"total":1,"covered":1,"skipped":0,"pct":100},"statements":{"total":5,"covered":5,"skipped":0,"pct":100},"branches":{"total":6,"covered":6,"skipped":0,"pct":100}}
,"/Users/takemiyamakoto/dev/polkaswap-exchange-web/src/app/shell/policies/resolveDisclaimerVisibilityOnRouteChange.ts": {"lines":{"total":3,"covered":3,"skipped":0,"pct":100},"functions":{"total":1,"covered":1,"skipped":0,"pct":100},"statements":{"total":3,"covered":3,"skipped":0,"pct":100},"branches":{"total":2,"covered":2,"skipped":0,"pct":100}}
,"/Users/takemiyamakoto/dev/polkaswap-exchange-web/src/app/shell/policies/resolveMenuVisibilityOnBreakpointChange.ts": {"lines":{"total":3,"covered":3,"skipped":0,"pct":100},"functions":{"total":1,"covered":1,"skipped":0,"pct":100},"statements":{"total":5,"covered":5,"skipped":0,"pct":100},"branches":{"total":6,"covered":6,"skipped":0,"pct":100}}
,"/Users/takemiyamakoto/dev/polkaswap-exchange-web/src/app/shell/policies/resolveMenuVisibilityOnRouteChange.ts": {"lines":{"total":3,"covered":3,"skipped":0,"pct":100},"functions":{"total":1,"covered":1,"skipped":0,"pct":100},"statements":{"total":5,"covered":5,"skipped":0,"pct":100},"branches":{"total":6,"covered":6,"skipped":0,"pct":100}}
,"/Users/takemiyamakoto/dev/polkaswap-exchange-web/src/app/shell/policies/resolveParentLoadingByConnection.ts": {"lines":{"total":4,"covered":4,"skipped":0,"pct":100},"functions":{"total":1,"covered":1,"skipped":0,"pct":100},"statements":{"total":4,"covered":4,"skipped":0,"pct":100},"branches":{"total":10,"covered":10,"skipped":0,"pct":100}}
,"/Users/takemiyamakoto/dev/polkaswap-exchange-web/src/app/shell/policies/resolveProductPopupKey.ts": {"lines":{"total":2,"covered":2,"skipped":0,"pct":100},"functions":{"total":1,"covered":1,"skipped":0,"pct":100},"statements":{"total":2,"covered":2,"skipped":0,"pct":100},"branches":{"total":4,"covered":4,"skipped":0,"pct":100}}
,"/Users/takemiyamakoto/dev/polkaswap-exchange-web/src/app/shell/policies/resolveWalletOverlayVisibility.ts": {"lines":{"total":1,"covered":1,"skipped":0,"pct":100},"functions":{"total":1,"covered":1,"skipped":0,"pct":100},"statements":{"total":1,"covered":1,"skipped":0,"pct":100},"branches":{"total":2,"covered":2,"skipped":0,"pct":100}}
,"/Users/takemiyamakoto/dev/polkaswap-exchange-web/src/assets/img/MSTFearless.svg": {"lines":{"total":0,"covered":0,"skipped":0,"pct":100},"functions":{"total":0,"covered":0,"skipped":0,"pct":100},"statements":{"total":0,"covered":0,"skipped":0,"pct":100},"branches":{"total":0,"covered":0,"skipped":0,"pct":100}}
,"/Users/takemiyamakoto/dev/polkaswap-exchange-web/src/assets/img/MSTIcon.svg": {"lines":{"total":0,"covered":0,"skipped":0,"pct":100},"functions":{"total":0,"covered":0,"skipped":0,"pct":100},"statements":{"total":0,"covered":0,"skipped":0,"pct":100},"branches":{"total":0,"covered":0,"skipped":0,"pct":100}}
,"/Users/takemiyamakoto/dev/polkaswap-exchange-web/src/assets/img/MSTKeys.svg": {"lines":{"total":0,"covered":0,"skipped":0,"pct":100},"functions":{"total":0,"covered":0,"skipped":0,"pct":100},"statements":{"total":0,"covered":0,"skipped":0,"pct":100},"branches":{"total":0,"covered":0,"skipped":0,"pct":100}}
,"/Users/takemiyamakoto/dev/polkaswap-exchange-web/src/assets/img/MSTSign.svg": {"lines":{"total":0,"covered":0,"skipped":0,"pct":100},"functions":{"total":0,"covered":0,"skipped":0,"pct":100},"statements":{"total":0,"covered":0,"skipped":0,"pct":100},"branches":{"total":0,"covered":0,"skipped":0,"pct":100}}
,"/Users/takemiyamakoto/dev/polkaswap-exchange-web/src/assets/img/MSTWallet.svg": {"lines":{"total":0,"covered":0,"skipped":0,"pct":100},"functions":{"total":0,"covered":0,"skipped":0,"pct":100},"statements":{"total":0,"covered":0,"skipped":0,"pct":100},"branches":{"total":0,"covered":0,"skipped":0,"pct":100}}
,"/Users/takemiyamakoto/dev/polkaswap-exchange-web/src/assets/img/solswap-mark.svg": {"lines":{"total":0,"covered":0,"skipped":0,"pct":100},"functions":{"total":0,"covered":0,"skipped":0,"pct":100},"statements":{"total":0,"covered":0,"skipped":0,"pct":100},"branches":{"total":0,"covered":0,"skipped":0,"pct":100}}
,"/Users/takemiyamakoto/dev/polkaswap-exchange-web/src/assets/img/mobile/qr-code.svg": {"lines":{"total":0,"covered":0,"skipped":0,"pct":100},"functions":{"total":0,"covered":0,"skipped":0,"pct":100},"statements":{"total":0,"covered":0,"skipped":0,"pct":100},"branches":{"total":0,"covered":0,"skipped":0,"pct":100}}
,"/Users/takemiyamakoto/dev/polkaswap-exchange-web/src/assets/img/mobile/rotate_phone.svg": {"lines":{"total":0,"covered":0,"skipped":0,"pct":100},"functions":{"total":0,"covered":0,"skipped":0,"pct":100},"statements":{"total":0,"covered":0,"skipped":0,"pct":100},"branches":{"total":0,"covered":0,"skipped":0,"pct":100}}
,"/Users/takemiyamakoto/dev/polkaswap-exchange-web/src/assets/img/mobile/sora-app-left.png": {"lines":{"total":0,"covered":0,"skipped":0,"pct":100},"functions":{"total":0,"covered":0,"skipped":0,"pct":100},"statements":{"total":0,"covered":0,"skipped":0,"pct":100},"branches":{"total":0,"covered":0,"skipped":0,"pct":100}}
,"/Users/takemiyamakoto/dev/polkaswap-exchange-web/src/assets/img/mobile/sora-app-right.png": {"lines":{"total":0,"covered":0,"skipped":0,"pct":100},"functions":{"total":0,"covered":0,"skipped":0,"pct":100},"statements":{"total":0,"covered":0,"skipped":0,"pct":100},"branches":{"total":0,"covered":0,"skipped":0,"pct":100}}
,"/Users/takemiyamakoto/dev/polkaswap-exchange-web/src/compat/polkadot.ts": {"lines":{"total":19,"covered":18,"skipped":0,"pct":94.73},"functions":{"total":5,"covered":4,"skipped":0,"pct":80},"statements":{"total":20,"covered":18,"skipped":0,"pct":90},"branches":{"total":6,"covered":3,"skipped":0,"pct":50}}
,"/Users/takemiyamakoto/dev/polkaswap-exchange-web/src/components/App/MobilePopup.vue": {"lines":{"total":17,"covered":3,"skipped":0,"pct":17.64},"functions":{"total":6,"covered":0,"skipped":0,"pct":0},"statements":{"total":18,"covered":3,"skipped":0,"pct":16.66},"branches":{"total":8,"covered":0,"skipped":0,"pct":0}}
,"/Users/takemiyamakoto/dev/polkaswap-exchange-web/src/components/App/Alerts/AlertList.vue": {"lines":{"total":0,"covered":0,"skipped":0,"pct":100},"functions":{"total":0,"covered":0,"skipped":0,"pct":100},"statements":{"total":0,"covered":0,"skipped":0,"pct":100},"branches":{"total":0,"covered":0,"skipped":0,"pct":100}}
,"/Users/takemiyamakoto/dev/polkaswap-exchange-web/src/components/App/Alerts/Alerts.vue": {"lines":{"total":29,"covered":3,"skipped":0,"pct":10.34},"functions":{"total":13,"covered":1,"skipped":0,"pct":7.69},"statements":{"total":32,"covered":4,"skipped":0,"pct":12.5},"branches":{"total":12,"covered":2,"skipped":0,"pct":16.66}}
,"/Users/takemiyamakoto/dev/polkaswap-exchange-web/src/components/App/Alerts/CreateAlert.vue": {"lines":{"total":0,"covered":0,"skipped":0,"pct":100},"functions":{"total":0,"covered":0,"skipped":0,"pct":100},"statements":{"total":0,"covered":0,"skipped":0,"pct":100},"branches":{"total":0,"covered":0,"skipped":0,"pct":100}}
,"/Users/takemiyamakoto/dev/polkaswap-exchange-web/src/components/App/BrowserNotification/BlockedDialog.vue": {"lines":{"total":13,"covered":2,"skipped":0,"pct":15.38},"functions":{"total":5,"covered":0,"skipped":0,"pct":0},"statements":{"total":14,"covered":2,"skipped":0,"pct":14.28},"branches":{"total":2,"covered":0,"skipped":0,"pct":0}}
,"/Users/takemiyamakoto/dev/polkaswap-exchange-web/src/components/App/BrowserNotification/BlockedRotatePhone.vue": {"lines":{"total":14,"covered":3,"skipped":0,"pct":21.42},"functions":{"total":5,"covered":0,"skipped":0,"pct":0},"statements":{"total":15,"covered":3,"skipped":0,"pct":20},"branches":{"total":4,"covered":0,"skipped":0,"pct":0}}
,"/Users/takemiyamakoto/dev/polkaswap-exchange-web/src/components/App/BrowserNotification/EnableDialog.vue": {"lines":{"total":23,"covered":2,"skipped":0,"pct":8.69},"functions":{"total":5,"covered":0,"skipped":0,"pct":0},"statements":{"total":25,"covered":2,"skipped":0,"pct":8},"branches":{"total":4,"covered":0,"skipped":0,"pct":0}}
,"/Users/takemiyamakoto/dev/polkaswap-exchange-web/src/components/App/BrowserNotification/LocalStorageOverride.vue": {"lines":{"total":15,"covered":2,"skipped":0,"pct":13.33},"functions":{"total":5,"covered":0,"skipped":0,"pct":0},"statements":{"total":15,"covered":2,"skipped":0,"pct":13.33},"branches":{"total":2,"covered":0,"skipped":0,"pct":0}}
,"/Users/takemiyamakoto/dev/polkaswap-exchange-web/src/components/App/BrowserNotification/MSTWarningBridge.vue": {"lines":{"total":0,"covered":0,"skipped":0,"pct":100},"functions":{"total":0,"covered":0,"skipped":0,"pct":100},"statements":{"total":0,"covered":0,"skipped":0,"pct":100},"branches":{"total":0,"covered":0,"skipped":0,"pct":100}}
,"/Users/takemiyamakoto/dev/polkaswap-exchange-web/src/components/App/BrowserNotification/MstNotificationTrxs.vue": {"lines":{"total":19,"covered":19,"skipped":0,"pct":100},"functions":{"total":5,"covered":5,"skipped":0,"pct":100},"statements":{"total":20,"covered":20,"skipped":0,"pct":100},"branches":{"total":5,"covered":5,"skipped":0,"pct":100}}
,"/Users/takemiyamakoto/dev/polkaswap-exchange-web/src/components/App/Footer/AppFooter.vue": {"lines":{"total":104,"covered":5,"skipped":0,"pct":4.8},"functions":{"total":54,"covered":0,"skipped":0,"pct":0},"statements":{"total":133,"covered":5,"skipped":0,"pct":3.75},"branches":{"total":85,"covered":0,"skipped":0,"pct":0}}
,"/Users/takemiyamakoto/dev/polkaswap-exchange-web/src/components/App/Footer/FooterPopper.vue": {"lines":{"total":36,"covered":6,"skipped":0,"pct":16.66},"functions":{"total":13,"covered":0,"skipped":0,"pct":0},"statements":{"total":43,"covered":6,"skipped":0,"pct":13.95},"branches":{"total":17,"covered":0,"skipped":0,"pct":0}}
,"/Users/takemiyamakoto/dev/polkaswap-exchange-web/src/components/App/Footer/NoInternetDialog.vue": {"lines":{"total":12,"covered":11,"skipped":0,"pct":91.66},"functions":{"total":5,"covered":4,"skipped":0,"pct":80},"statements":{"total":13,"covered":12,"skipped":0,"pct":92.3},"branches":{"total":0,"covered":0,"skipped":0,"pct":100}}
,"/Users/takemiyamakoto/dev/polkaswap-exchange-web/src/components/App/Footer/StatisticsDialog.vue": {"lines":{"total":19,"covered":0,"skipped":0,"pct":0},"functions":{"total":10,"covered":0,"skipped":0,"pct":0},"statements":{"total":22,"covered":0,"skipped":0,"pct":0},"branches":{"total":14,"covered":0,"skipped":0,"pct":0}}
,"/Users/takemiyamakoto/dev/polkaswap-exchange-web/src/components/App/Footer/footerPopover.utils.ts": {"lines":{"total":18,"covered":18,"skipped":0,"pct":100},"functions":{"total":2,"covered":2,"skipped":0,"pct":100},"statements":{"total":20,"covered":19,"skipped":0,"pct":95},"branches":{"total":21,"covered":19,"skipped":0,"pct":90.47}}
,"/Users/takemiyamakoto/dev/polkaswap-exchange-web/src/components/App/Footer/Indexer/SelectIndexer.vue": {"lines":{"total":19,"covered":19,"skipped":0,"pct":100},"functions":{"total":7,"covered":7,"skipped":0,"pct":100},"statements":{"total":21,"covered":20,"skipped":0,"pct":95.23},"branches":{"total":10,"covered":9,"skipped":0,"pct":90}}
,"/Users/takemiyamakoto/dev/polkaswap-exchange-web/src/components/App/Footer/utils/resolveIndexerStatus.ts": {"lines":{"total":11,"covered":11,"skipped":0,"pct":100},"functions":{"total":3,"covered":3,"skipped":0,"pct":100},"statements":{"total":11,"covered":11,"skipped":0,"pct":100},"branches":{"total":7,"covered":7,"skipped":0,"pct":100}}
,"/Users/takemiyamakoto/dev/polkaswap-exchange-web/src/components/App/Header/AppAccountButton.vue": {"lines":{"total":16,"covered":1,"skipped":0,"pct":6.25},"functions":{"total":6,"covered":0,"skipped":0,"pct":0},"statements":{"total":21,"covered":1,"skipped":0,"pct":4.76},"branches":{"total":10,"covered":0,"skipped":0,"pct":0}}
,"/Users/takemiyamakoto/dev/polkaswap-exchange-web/src/components/App/Header/AppDisclaimer.vue": {"lines":{"total":88,"covered":78,"skipped":0,"pct":88.63},"functions":{"total":31,"covered":28,"skipped":0,"pct":90.32},"statements":{"total":107,"covered":88,"skipped":0,"pct":82.24},"branches":{"total":45,"covered":27,"skipped":0,"pct":60}}
,"/Users/takemiyamakoto/dev/polkaswap-exchange-web/src/components/App/Header/AppHeader.vue": {"lines":{"total":28,"covered":3,"skipped":0,"pct":10.71},"functions":{"total":12,"covered":0,"skipped":0,"pct":0},"statements":{"total":34,"covered":3,"skipped":0,"pct":8.82},"branches":{"total":16,"covered":0,"skipped":0,"pct":0}}
,"/Users/takemiyamakoto/dev/polkaswap-exchange-web/src/components/App/Header/AppHeaderMenu.vue": {"lines":{"total":99,"covered":96,"skipped":0,"pct":96.96},"functions":{"total":38,"covered":36,"skipped":0,"pct":94.73},"statements":{"total":123,"covered":118,"skipped":0,"pct":95.93},"branches":{"total":79,"covered":68,"skipped":0,"pct":86.07}}
,"/Users/takemiyamakoto/dev/polkaswap-exchange-web/src/components/App/Header/AppLogoButton.vue": {"lines":{"total":6,"covered":6,"skipped":0,"pct":100},"functions":{"total":2,"covered":2,"skipped":0,"pct":100},"statements":{"total":6,"covered":6,"skipped":0,"pct":100},"branches":{"total":0,"covered":0,"skipped":0,"pct":100}}
,"/Users/takemiyamakoto/dev/polkaswap-exchange-web/src/components/App/Header/AppMarketing.vue": {"lines":{"total":28,"covered":18,"skipped":0,"pct":64.28},"functions":{"total":11,"covered":8,"skipped":0,"pct":72.72},"statements":{"total":33,"covered":20,"skipped":0,"pct":60.6},"branches":{"total":24,"covered":11,"skipped":0,"pct":45.83}}
,"/Users/takemiyamakoto/dev/polkaswap-exchange-web/src/components/App/Menu/AppInfoPopper.vue": {"lines":{"total":16,"covered":15,"skipped":0,"pct":93.75},"functions":{"total":5,"covered":4,"skipped":0,"pct":80},"statements":{"total":16,"covered":15,"skipped":0,"pct":93.75},"branches":{"total":6,"covered":6,"skipped":0,"pct":100}}
,"/Users/takemiyamakoto/dev/polkaswap-exchange-web/src/components/App/Menu/AppMenu.vue": {"lines":{"total":73,"covered":59,"skipped":0,"pct":80.82},"functions":{"total":32,"covered":26,"skipped":0,"pct":81.25},"statements":{"total":88,"covered":70,"skipped":0,"pct":79.54},"branches":{"total":49,"covered":29,"skipped":0,"pct":59.18}}
,"/Users/takemiyamakoto/dev/polkaswap-exchange-web/src/components/App/Menu/SidebarItemContent.vue": {"lines":{"total":8,"covered":1,"skipped":0,"pct":12.5},"functions":{"total":2,"covered":0,"skipped":0,"pct":0},"statements":{"total":8,"covered":1,"skipped":0,"pct":12.5},"branches":{"total":2,"covered":0,"skipped":0,"pct":0}}
,"/Users/takemiyamakoto/dev/polkaswap-exchange-web/src/components/App/MobilePopup/mobilePopup.helpers.ts": {"lines":{"total":5,"covered":5,"skipped":0,"pct":100},"functions":{"total":1,"covered":1,"skipped":0,"pct":100},"statements":{"total":5,"covered":5,"skipped":0,"pct":100},"branches":{"total":1,"covered":1,"skipped":0,"pct":100}}
,"/Users/takemiyamakoto/dev/polkaswap-exchange-web/src/components/App/Settings/Currency/SelectCurrencyDialog.vue": {"lines":{"total":40,"covered":31,"skipped":0,"pct":77.5},"functions":{"total":19,"covered":13,"skipped":0,"pct":68.42},"statements":{"total":44,"covered":33,"skipped":0,"pct":75},"branches":{"total":25,"covered":17,"skipped":0,"pct":68}}
,"/Users/takemiyamakoto/dev/polkaswap-exchange-web/src/components/App/Settings/Language/SelectLanguageDialog.vue": {"lines":{"total":43,"covered":34,"skipped":0,"pct":79.06},"functions":{"total":20,"covered":13,"skipped":0,"pct":65},"statements":{"total":45,"covered":35,"skipped":0,"pct":77.77},"branches":{"total":19,"covered":16,"skipped":0,"pct":84.21}}
,"/Users/takemiyamakoto/dev/polkaswap-exchange-web/src/components/App/Settings/Node/NodeInfo.vue": {"lines":{"total":67,"covered":45,"skipped":0,"pct":67.16},"functions":{"total":29,"covered":19,"skipped":0,"pct":65.51},"statements":{"total":79,"covered":54,"skipped":0,"pct":68.35},"branches":{"total":60,"covered":31,"skipped":0,"pct":51.66}}
,"/Users/takemiyamakoto/dev/polkaswap-exchange-web/src/components/App/Settings/Node/SelectNode.vue": {"lines":{"total":27,"covered":6,"skipped":0,"pct":22.22},"functions":{"total":12,"covered":0,"skipped":0,"pct":0},"statements":{"total":29,"covered":6,"skipped":0,"pct":20.68},"branches":{"total":25,"covered":0,"skipped":0,"pct":0}}
,"/Users/takemiyamakoto/dev/polkaswap-exchange-web/src/components/App/Settings/Node/SelectNodeDialog.vue": {"lines":{"total":67,"covered":38,"skipped":0,"pct":56.71},"functions":{"total":28,"covered":18,"skipped":0,"pct":64.28},"statements":{"total":81,"covered":47,"skipped":0,"pct":58.02},"branches":{"total":40,"covered":14,"skipped":0,"pct":35}}
,"/Users/takemiyamakoto/dev/polkaswap-exchange-web/src/components/App/Settings/Node/consts.ts": {"lines":{"total":1,"covered":1,"skipped":0,"pct":100},"functions":{"total":0,"covered":0,"skipped":0,"pct":100},"statements":{"total":1,"covered":1,"skipped":0,"pct":100},"branches":{"total":0,"covered":0,"skipped":0,"pct":100}}
,"/Users/takemiyamakoto/dev/polkaswap-exchange-web/src/components/App/Settings/Node/utils.ts": {"lines":{"total":14,"covered":14,"skipped":0,"pct":100},"functions":{"total":1,"covered":1,"skipped":0,"pct":100},"statements":{"total":14,"covered":14,"skipped":0,"pct":100},"branches":{"total":4,"covered":3,"skipped":0,"pct":75}}
,"/Users/takemiyamakoto/dev/polkaswap-exchange-web/src/components/App/Settings/Telegram/AccelerationAccessDialog.vue": {"lines":{"total":0,"covered":0,"skipped":0,"pct":100},"functions":{"total":0,"covered":0,"skipped":0,"pct":100},"statements":{"total":0,"covered":0,"skipped":0,"pct":100},"branches":{"total":0,"covered":0,"skipped":0,"pct":100}}
,"/Users/takemiyamakoto/dev/polkaswap-exchange-web/src/components/App/Settings/Telegram/RotatePhoneDialog.vue": {"lines":{"total":0,"covered":0,"skipped":0,"pct":100},"functions":{"total":0,"covered":0,"skipped":0,"pct":100},"statements":{"total":0,"covered":0,"skipped":0,"pct":100},"branches":{"total":0,"covered":0,"skipped":0,"pct":100}}
,"/Users/takemiyamakoto/dev/polkaswap-exchange-web/src/components/pages/Bridge/AccountPanel.vue": {"lines":{"total":0,"covered":0,"skipped":0,"pct":100},"functions":{"total":0,"covered":0,"skipped":0,"pct":100},"statements":{"total":0,"covered":0,"skipped":0,"pct":100},"branches":{"total":0,"covered":0,"skipped":0,"pct":100}}
,"/Users/takemiyamakoto/dev/polkaswap-exchange-web/src/components/pages/Bridge/LimitCard.vue": {"lines":{"total":0,"covered":0,"skipped":0,"pct":100},"functions":{"total":0,"covered":0,"skipped":0,"pct":100},"statements":{"total":0,"covered":0,"skipped":0,"pct":100},"branches":{"total":0,"covered":0,"skipped":0,"pct":100}}
,"/Users/takemiyamakoto/dev/polkaswap-exchange-web/src/components/pages/Bridge/NetworkSelector.vue": {"lines":{"total":7,"covered":7,"skipped":0,"pct":100},"functions":{"total":3,"covered":3,"skipped":0,"pct":100},"statements":{"total":7,"covered":7,"skipped":0,"pct":100},"branches":{"total":0,"covered":0,"skipped":0,"pct":100}}
,"/Users/takemiyamakoto/dev/polkaswap-exchange-web/src/components/pages/Bridge/NodeIcon.vue": {"lines":{"total":0,"covered":0,"skipped":0,"pct":100},"functions":{"total":0,"covered":0,"skipped":0,"pct":100},"statements":{"total":0,"covered":0,"skipped":0,"pct":100},"branches":{"total":0,"covered":0,"skipped":0,"pct":100}}
,"/Users/takemiyamakoto/dev/polkaswap-exchange-web/src/components/pages/Bridge/SelectAddress.vue": {"lines":{"total":10,"covered":8,"skipped":0,"pct":80},"functions":{"total":5,"covered":3,"skipped":0,"pct":60},"statements":{"total":12,"covered":10,"skipped":0,"pct":83.33},"branches":{"total":2,"covered":2,"skipped":0,"pct":100}}
,"/Users/takemiyamakoto/dev/polkaswap-exchange-web/src/components/pages/Bridge/SelectAsset.vue": {"lines":{"total":36,"covered":30,"skipped":0,"pct":83.33},"functions":{"total":13,"covered":9,"skipped":0,"pct":69.23},"statements":{"total":43,"covered":36,"skipped":0,"pct":83.72},"branches":{"total":14,"covered":9,"skipped":0,"pct":64.28}}
,"/Users/takemiyamakoto/dev/polkaswap-exchange-web/src/components/pages/Bridge/SelectNetwork.vue": {"lines":{"total":37,"covered":36,"skipped":0,"pct":97.29},"functions":{"total":18,"covered":16,"skipped":0,"pct":88.88},"statements":{"total":43,"covered":39,"skipped":0,"pct":90.69},"branches":{"total":26,"covered":19,"skipped":0,"pct":73.07}}
,"/Users/takemiyamakoto/dev/polkaswap-exchange-web/src/components/pages/Bridge/SelectSubAccount.vue": {"lines":{"total":22,"covered":21,"skipped":0,"pct":95.45},"functions":{"total":12,"covered":10,"skipped":0,"pct":83.33},"statements":{"total":26,"covered":24,"skipped":0,"pct":92.3},"branches":{"total":9,"covered":7,"skipped":0,"pct":77.77}}
,"/Users/takemiyamakoto/dev/polkaswap-exchange-web/src/components/pages/Bridge/TransactionDetails.vue": {"lines":{"total":9,"covered":9,"skipped":0,"pct":100},"functions":{"total":5,"covered":5,"skipped":0,"pct":100},"statements":{"total":13,"covered":13,"skipped":0,"pct":100},"branches":{"total":8,"covered":4,"skipped":0,"pct":50}}
,"/Users/takemiyamakoto/dev/polkaswap-exchange-web/src/components/pages/Bridge/TransferNotification.vue": {"lines":{"total":0,"covered":0,"skipped":0,"pct":100},"functions":{"total":0,"covered":0,"skipped":0,"pct":100},"statements":{"total":0,"covered":0,"skipped":0,"pct":100},"branches":{"total":0,"covered":0,"skipped":0,"pct":100}}
,"/Users/takemiyamakoto/dev/polkaswap-exchange-web/src/components/pages/Bridge/nodeIcon.utils.ts": {"lines":{"total":6,"covered":6,"skipped":0,"pct":100},"functions":{"total":4,"covered":4,"skipped":0,"pct":100},"statements":{"total":8,"covered":8,"skipped":0,"pct":100},"branches":{"total":6,"covered":6,"skipped":0,"pct":100}}
,"/Users/takemiyamakoto/dev/polkaswap-exchange-web/src/components/pages/Bridge/transactionDetails.utils.ts": {"lines":{"total":4,"covered":4,"skipped":0,"pct":100},"functions":{"total":4,"covered":4,"skipped":0,"pct":100},"statements":{"total":4,"covered":4,"skipped":0,"pct":100},"branches":{"total":4,"covered":4,"skipped":0,"pct":100}}
,"/Users/takemiyamakoto/dev/polkaswap-exchange-web/src/components/pages/Burn/BurnDialog.vue": {"lines":{"total":65,"covered":62,"skipped":0,"pct":95.38},"functions":{"total":32,"covered":31,"skipped":0,"pct":96.87},"statements":{"total":87,"covered":82,"skipped":0,"pct":94.25},"branches":{"total":32,"covered":24,"skipped":0,"pct":75}}
,"/Users/takemiyamakoto/dev/polkaswap-exchange-web/src/components/pages/Moonpay/Confirmation.vue": {"lines":{"total":34,"covered":28,"skipped":0,"pct":82.35},"functions":{"total":13,"covered":9,"skipped":0,"pct":69.23},"statements":{"total":36,"covered":29,"skipped":0,"pct":80.55},"branches":{"total":6,"covered":3,"skipped":0,"pct":50}}
,"/Users/takemiyamakoto/dev/polkaswap-exchange-web/src/components/pages/Moonpay/Moonpay.vue": {"lines":{"total":62,"covered":58,"skipped":0,"pct":93.54},"functions":{"total":25,"covered":21,"skipped":0,"pct":84},"statements":{"total":71,"covered":64,"skipped":0,"pct":90.14},"branches":{"total":21,"covered":16,"skipped":0,"pct":76.19}}
,"/Users/takemiyamakoto/dev/polkaswap-exchange-web/src/components/pages/Moonpay/MoonpayHistory.vue": {"lines":{"total":104,"covered":88,"skipped":0,"pct":84.61},"functions":{"total":40,"covered":37,"skipped":0,"pct":92.5},"statements":{"total":131,"covered":109,"skipped":0,"pct":83.2},"branches":{"total":59,"covered":39,"skipped":0,"pct":66.1}}
,"/Users/takemiyamakoto/dev/polkaswap-exchange-web/src/components/pages/Moonpay/Notification.vue": {"lines":{"total":23,"covered":23,"skipped":0,"pct":100},"functions":{"total":14,"covered":13,"skipped":0,"pct":92.85},"statements":{"total":30,"covered":27,"skipped":0,"pct":90},"branches":{"total":6,"covered":4,"skipped":0,"pct":66.66}}
,"/Users/takemiyamakoto/dev/polkaswap-exchange-web/src/components/pages/Moonpay/consts.ts": {"lines":{"total":7,"covered":7,"skipped":0,"pct":100},"functions":{"total":1,"covered":1,"skipped":0,"pct":100},"statements":{"total":8,"covered":8,"skipped":0,"pct":100},"branches":{"total":2,"covered":2,"skipped":0,"pct":100}}
,"/Users/takemiyamakoto/dev/polkaswap-exchange-web/src/components/pages/OrderBook/BookChartsWidget.vue": {"lines":{"total":13,"covered":10,"skipped":0,"pct":76.92},"functions":{"total":4,"covered":3,"skipped":0,"pct":75},"statements":{"total":15,"covered":12,"skipped":0,"pct":80},"branches":{"total":13,"covered":8,"skipped":0,"pct":61.53}}
,"/Users/takemiyamakoto/dev/polkaswap-exchange-web/src/components/pages/OrderBook/BookWidget.vue": {"lines":{"total":23,"covered":19,"skipped":0,"pct":82.6},"functions":{"total":13,"covered":6,"skipped":0,"pct":46.15},"statements":{"total":26,"covered":19,"skipped":0,"pct":73.07},"branches":{"total":13,"covered":8,"skipped":0,"pct":61.53}}
,"/Users/takemiyamakoto/dev/polkaswap-exchange-web/src/components/pages/OrderBook/BuySell.vue": {"lines":{"total":387,"covered":206,"skipped":0,"pct":53.22},"functions":{"total":97,"covered":59,"skipped":0,"pct":60.82},"statements":{"total":463,"covered":239,"skipped":0,"pct":51.61},"branches":{"total":349,"covered":108,"skipped":0,"pct":30.94}}
,"/Users/takemiyamakoto/dev/polkaswap-exchange-web/src/components/pages/OrderBook/HistoryOrderWidget.vue": {"lines":{"total":68,"covered":62,"skipped":0,"pct":91.17},"functions":{"total":24,"covered":18,"skipped":0,"pct":75},"statements":{"total":78,"covered":69,"skipped":0,"pct":88.46},"branches":{"total":54,"covered":47,"skipped":0,"pct":87.03}}
,"/Users/takemiyamakoto/dev/polkaswap-exchange-web/src/components/pages/OrderBook/MarketTradesWidget.vue": {"lines":{"total":17,"covered":17,"skipped":0,"pct":100},"functions":{"total":9,"covered":6,"skipped":0,"pct":66.66},"statements":{"total":20,"covered":17,"skipped":0,"pct":85},"branches":{"total":6,"covered":3,"skipped":0,"pct":50}}
,"/Users/takemiyamakoto/dev/polkaswap-exchange-web/src/components/pages/OrderBook/SetLimitOrderWidget.vue": {"lines":{"total":19,"covered":16,"skipped":0,"pct":84.21},"functions":{"total":7,"covered":6,"skipped":0,"pct":85.71},"statements":{"total":20,"covered":17,"skipped":0,"pct":85},"branches":{"total":14,"covered":8,"skipped":0,"pct":57.14}}
,"/Users/takemiyamakoto/dev/polkaswap-exchange-web/src/components/pages/OrderBook/TransactionDetails.vue": {"lines":{"total":32,"covered":0,"skipped":0,"pct":0},"functions":{"total":15,"covered":0,"skipped":0,"pct":0},"statements":{"total":44,"covered":0,"skipped":0,"pct":0},"branches":{"total":27,"covered":0,"skipped":0,"pct":0}}
,"/Users/takemiyamakoto/dev/polkaswap-exchange-web/src/components/pages/OrderBook/bookWidget.utils.ts": {"lines":{"total":0,"covered":0,"skipped":0,"pct":100},"functions":{"total":0,"covered":0,"skipped":0,"pct":100},"statements":{"total":0,"covered":0,"skipped":0,"pct":100},"branches":{"total":0,"covered":0,"skipped":0,"pct":100}}
,"/Users/takemiyamakoto/dev/polkaswap-exchange-web/src/components/pages/OrderBook/Dialogs/CancelOrders.vue": {"lines":{"total":9,"covered":9,"skipped":0,"pct":100},"functions":{"total":4,"covered":3,"skipped":0,"pct":75},"statements":{"total":10,"covered":9,"skipped":0,"pct":90},"branches":{"total":2,"covered":2,"skipped":0,"pct":100}}
,"/Users/takemiyamakoto/dev/polkaswap-exchange-web/src/components/pages/OrderBook/Dialogs/CustomisePage.vue": {"lines":{"total":0,"covered":0,"skipped":0,"pct":100},"functions":{"total":0,"covered":0,"skipped":0,"pct":100},"statements":{"total":0,"covered":0,"skipped":0,"pct":100},"branches":{"total":0,"covered":0,"skipped":0,"pct":100}}
,"/Users/takemiyamakoto/dev/polkaswap-exchange-web/src/components/pages/OrderBook/Dialogs/PlaceOrder.vue": {"lines":{"total":30,"covered":5,"skipped":0,"pct":16.66},"functions":{"total":8,"covered":0,"skipped":0,"pct":0},"statements":{"total":31,"covered":5,"skipped":0,"pct":16.12},"branches":{"total":10,"covered":0,"skipped":0,"pct":0}}
,"/Users/takemiyamakoto/dev/polkaswap-exchange-web/src/components/pages/OrderBook/Popovers/PairListPopover.vue": {"lines":{"total":69,"covered":47,"skipped":0,"pct":68.11},"functions":{"total":21,"covered":8,"skipped":0,"pct":38.09},"statements":{"total":71,"covered":48,"skipped":0,"pct":67.6},"branches":{"total":34,"covered":15,"skipped":0,"pct":44.11}}
,"/Users/takemiyamakoto/dev/polkaswap-exchange-web/src/components/pages/OrderBook/Tables/AllOrders.vue": {"lines":{"total":20,"covered":18,"skipped":0,"pct":90},"functions":{"total":5,"covered":5,"skipped":0,"pct":100},"statements":{"total":22,"covered":20,"skipped":0,"pct":90.9},"branches":{"total":6,"covered":4,"skipped":0,"pct":66.66}}
,"/Users/takemiyamakoto/dev/polkaswap-exchange-web/src/components/pages/OrderBook/Tables/OpenOrders.vue": {"lines":{"total":66,"covered":49,"skipped":0,"pct":74.24},"functions":{"total":27,"covered":13,"skipped":0,"pct":48.14},"statements":{"total":84,"covered":56,"skipped":0,"pct":66.66},"branches":{"total":30,"covered":17,"skipped":0,"pct":56.66}}
,"/Users/takemiyamakoto/dev/polkaswap-exchange-web/src/components/pages/OrderBook/Tables/OrderTable.vue": {"lines":{"total":134,"covered":85,"skipped":0,"pct":63.43},"functions":{"total":49,"covered":22,"skipped":0,"pct":44.89},"statements":{"total":152,"covered":99,"skipped":0,"pct":65.13},"branches":{"total":56,"covered":21,"skipped":0,"pct":37.5}}
,"/Users/takemiyamakoto/dev/polkaswap-exchange-web/src/components/pages/OrderBook/common/ErrorButton.vue": {"lines":{"total":2,"covered":2,"skipped":0,"pct":100},"functions":{"total":0,"covered":0,"skipped":0,"pct":100},"statements":{"total":2,"covered":2,"skipped":0,"pct":100},"branches":{"total":0,"covered":0,"skipped":0,"pct":100}}
,"/Users/takemiyamakoto/dev/polkaswap-exchange-web/src/components/pages/PointSystem/FirstTxCard.vue": {"lines":{"total":0,"covered":0,"skipped":0,"pct":100},"functions":{"total":0,"covered":0,"skipped":0,"pct":100},"statements":{"total":0,"covered":0,"skipped":0,"pct":100},"branches":{"total":0,"covered":0,"skipped":0,"pct":100}}
,"/Users/takemiyamakoto/dev/polkaswap-exchange-web/src/components/pages/PointSystem/PointCard.vue": {"lines":{"total":0,"covered":0,"skipped":0,"pct":100},"functions":{"total":0,"covered":0,"skipped":0,"pct":100},"statements":{"total":0,"covered":0,"skipped":0,"pct":100},"branches":{"total":0,"covered":0,"skipped":0,"pct":100}}
,"/Users/takemiyamakoto/dev/polkaswap-exchange-web/src/components/pages/PointSystem/ProgressCard.vue": {"lines":{"total":0,"covered":0,"skipped":0,"pct":100},"functions":{"total":0,"covered":0,"skipped":0,"pct":100},"statements":{"total":0,"covered":0,"skipped":0,"pct":100},"branches":{"total":0,"covered":0,"skipped":0,"pct":100}}
,"/Users/takemiyamakoto/dev/polkaswap-exchange-web/src/components/pages/PointSystem/TaskCard.vue": {"lines":{"total":0,"covered":0,"skipped":0,"pct":100},"functions":{"total":0,"covered":0,"skipped":0,"pct":100},"statements":{"total":0,"covered":0,"skipped":0,"pct":100},"branches":{"total":0,"covered":0,"skipped":0,"pct":100}}
,"/Users/takemiyamakoto/dev/polkaswap-exchange-web/src/components/pages/PointSystem/TaskDialog.vue": {"lines":{"total":0,"covered":0,"skipped":0,"pct":100},"functions":{"total":0,"covered":0,"skipped":0,"pct":100},"statements":{"total":0,"covered":0,"skipped":0,"pct":100},"branches":{"total":0,"covered":0,"skipped":0,"pct":100}}
,"/Users/takemiyamakoto/dev/polkaswap-exchange-web/src/components/pages/Referrals/ConfirmBonding.vue": {"lines":{"total":0,"covered":0,"skipped":0,"pct":100},"functions":{"total":0,"covered":0,"skipped":0,"pct":100},"statements":{"total":0,"covered":0,"skipped":0,"pct":100},"branches":{"total":0,"covered":0,"skipped":0,"pct":100}}
,"/Users/takemiyamakoto/dev/polkaswap-exchange-web/src/components/pages/Referrals/ConfirmInviteUser.vue": {"lines":{"total":0,"covered":0,"skipped":0,"pct":100},"functions":{"total":0,"covered":0,"skipped":0,"pct":100},"statements":{"total":0,"covered":0,"skipped":0,"pct":100},"branches":{"total":0,"covered":0,"skipped":0,"pct":100}}
,"/Users/takemiyamakoto/dev/polkaswap-exchange-web/src/components/pages/Rewards/AmountHeader.vue": {"lines":{"total":0,"covered":0,"skipped":0,"pct":100},"functions":{"total":0,"covered":0,"skipped":0,"pct":100},"statements":{"total":0,"covered":0,"skipped":0,"pct":100},"branches":{"total":0,"covered":0,"skipped":0,"pct":100}}
,"/Users/takemiyamakoto/dev/polkaswap-exchange-web/src/components/pages/Rewards/AmountTable.vue": {"lines":{"total":0,"covered":0,"skipped":0,"pct":100},"functions":{"total":0,"covered":0,"skipped":0,"pct":100},"statements":{"total":0,"covered":0,"skipped":0,"pct":100},"branches":{"total":0,"covered":0,"skipped":0,"pct":100}}
,"/Users/takemiyamakoto/dev/polkaswap-exchange-web/src/components/pages/Rewards/GradientBox.vue": {"lines":{"total":0,"covered":0,"skipped":0,"pct":100},"functions":{"total":0,"covered":0,"skipped":0,"pct":100},"statements":{"total":0,"covered":0,"skipped":0,"pct":100},"branches":{"total":0,"covered":0,"skipped":0,"pct":100}}
,"/Users/takemiyamakoto/dev/polkaswap-exchange-web/src/components/pages/Rewards/ItemTooltip.vue": {"lines":{"total":0,"covered":0,"skipped":0,"pct":100},"functions":{"total":0,"covered":0,"skipped":0,"pct":100},"statements":{"total":0,"covered":0,"skipped":0,"pct":100},"branches":{"total":0,"covered":0,"skipped":0,"pct":100}}
,"/Users/takemiyamakoto/dev/polkaswap-exchange-web/src/components/pages/Stats/BarChart.vue": {"lines":{"total":93,"covered":68,"skipped":0,"pct":73.11},"functions":{"total":31,"covered":24,"skipped":0,"pct":77.41},"statements":{"total":103,"covered":77,"skipped":0,"pct":74.75},"branches":{"total":26,"covered":14,"skipped":0,"pct":53.84}}
,"/Users/takemiyamakoto/dev/polkaswap-exchange-web/src/components/pages/Stats/NetworkStats.vue": {"lines":{"total":67,"covered":49,"skipped":0,"pct":73.13},"functions":{"total":20,"covered":14,"skipped":0,"pct":70},"statements":{"total":71,"covered":52,"skipped":0,"pct":73.23},"branches":{"total":22,"covered":14,"skipped":0,"pct":63.63}}
,"/Users/takemiyamakoto/dev/polkaswap-exchange-web/src/components/pages/Stats/TvlChart.vue": {"lines":{"total":64,"covered":45,"skipped":0,"pct":70.31},"functions":{"total":24,"covered":18,"skipped":0,"pct":75},"statements":{"total":73,"covered":54,"skipped":0,"pct":73.97},"branches":{"total":15,"covered":10,"skipped":0,"pct":66.66}}
,"/Users/takemiyamakoto/dev/polkaswap-exchange-web/src/components/shared/GenericPageHeader.vue": {"lines":{"total":11,"covered":11,"skipped":0,"pct":100},"functions":{"total":5,"covered":5,"skipped":0,"pct":100},"statements":{"total":11,"covered":11,"skipped":0,"pct":100},"branches":{"total":8,"covered":8,"skipped":0,"pct":100}}
,"/Users/takemiyamakoto/dev/polkaswap-exchange-web/src/components/shared/LinksDropdown.vue": {"lines":{"total":15,"covered":15,"skipped":0,"pct":100},"functions":{"total":6,"covered":6,"skipped":0,"pct":100},"statements":{"total":16,"covered":16,"skipped":0,"pct":100},"branches":{"total":4,"covered":4,"skipped":0,"pct":100}}
,"/Users/takemiyamakoto/dev/polkaswap-exchange-web/src/components/shared/PairTokenLogo.vue": {"lines":{"total":8,"covered":8,"skipped":0,"pct":100},"functions":{"total":1,"covered":1,"skipped":0,"pct":100},"statements":{"total":8,"covered":8,"skipped":0,"pct":100},"branches":{"total":2,"covered":1,"skipped":0,"pct":50}}
,"/Users/takemiyamakoto/dev/polkaswap-exchange-web/src/components/shared/PoolInfo.vue": {"lines":{"total":0,"covered":0,"skipped":0,"pct":100},"functions":{"total":0,"covered":0,"skipped":0,"pct":100},"statements":{"total":0,"covered":0,"skipped":0,"pct":100},"branches":{"total":0,"covered":0,"skipped":0,"pct":100}}
,"/Users/takemiyamakoto/dev/polkaswap-exchange-web/src/components/shared/PriceChange.vue": {"lines":{"total":13,"covered":13,"skipped":0,"pct":100},"functions":{"total":8,"covered":8,"skipped":0,"pct":100},"statements":{"total":18,"covered":18,"skipped":0,"pct":100},"branches":{"total":10,"covered":10,"skipped":0,"pct":100}}
,"/Users/takemiyamakoto/dev/polkaswap-exchange-web/src/components/shared/ResponsiveTabs.vue": {"lines":{"total":14,"covered":14,"skipped":0,"pct":100},"functions":{"total":12,"covered":12,"skipped":0,"pct":100},"statements":{"total":20,"covered":20,"skipped":0,"pct":100},"branches":{"total":8,"covered":5,"skipped":0,"pct":62.5}}
,"/Users/takemiyamakoto/dev/polkaswap-exchange-web/src/components/shared/StatusBadge.vue": {"lines":{"total":9,"covered":9,"skipped":0,"pct":100},"functions":{"total":2,"covered":2,"skipped":0,"pct":100},"statements":{"total":11,"covered":11,"skipped":0,"pct":100},"branches":{"total":7,"covered":6,"skipped":0,"pct":85.71}}
,"/Users/takemiyamakoto/dev/polkaswap-exchange-web/src/components/shared/TokensRow.vue": {"lines":{"total":3,"covered":3,"skipped":0,"pct":100},"functions":{"total":1,"covered":1,"skipped":0,"pct":100},"statements":{"total":4,"covered":4,"skipped":0,"pct":100},"branches":{"total":0,"covered":0,"skipped":0,"pct":100}}
,"/Users/takemiyamakoto/dev/polkaswap-exchange-web/src/components/shared/TransactionDetails.vue": {"lines":{"total":15,"covered":12,"skipped":0,"pct":80},"functions":{"total":7,"covered":5,"skipped":0,"pct":71.42},"statements":{"total":16,"covered":13,"skipped":0,"pct":81.25},"branches":{"total":8,"covered":6,"skipped":0,"pct":75}}
,"/Users/takemiyamakoto/dev/polkaswap-exchange-web/src/components/shared/ValueStatusWrapper.vue": {"lines":{"total":7,"covered":7,"skipped":0,"pct":100},"functions":{"total":3,"covered":3,"skipped":0,"pct":100},"statements":{"total":9,"covered":9,"skipped":0,"pct":100},"branches":{"total":6,"covered":5,"skipped":0,"pct":83.33}}
,"/Users/takemiyamakoto/dev/polkaswap-exchange-web/src/components/shared/Button/EvmConnectButton.vue": {"lines":{"total":0,"covered":0,"skipped":0,"pct":100},"functions":{"total":0,"covered":0,"skipped":0,"pct":100},"statements":{"total":0,"covered":0,"skipped":0,"pct":100},"branches":{"total":0,"covered":0,"skipped":0,"pct":100}}
,"/Users/takemiyamakoto/dev/polkaswap-exchange-web/src/components/shared/Button/SortButton.vue": {"lines":{"total":11,"covered":11,"skipped":0,"pct":100},"functions":{"total":4,"covered":4,"skipped":0,"pct":100},"statements":{"total":12,"covered":12,"skipped":0,"pct":100},"branches":{"total":6,"covered":5,"skipped":0,"pct":83.33}}
,"/Users/takemiyamakoto/dev/polkaswap-exchange-web/src/components/shared/Button/SvgIconButton/SvgIconButton.vue": {"lines":{"total":11,"covered":11,"skipped":0,"pct":100},"functions":{"total":6,"covered":6,"skipped":0,"pct":100},"statements":{"total":14,"covered":14,"skipped":0,"pct":100},"branches":{"total":4,"covered":2,"skipped":0,"pct":50}}
,"/Users/takemiyamakoto/dev/polkaswap-exchange-web/src/components/shared/Button/SvgIconButton/icons.ts": {"lines":{"total":3,"covered":3,"skipped":0,"pct":100},"functions":{"total":1,"covered":1,"skipped":0,"pct":100},"statements":{"total":4,"covered":4,"skipped":0,"pct":100},"branches":{"total":2,"covered":2,"skipped":0,"pct":100}}
,"/Users/takemiyamakoto/dev/polkaswap-exchange-web/src/components/shared/Button/SvgIconButton/Icons/Candle.vue": {"lines":{"total":0,"covered":0,"skipped":0,"pct":100},"functions":{"total":0,"covered":0,"skipped":0,"pct":100},"statements":{"total":0,"covered":0,"skipped":0,"pct":100},"branches":{"total":0,"covered":0,"skipped":0,"pct":100}}
,"/Users/takemiyamakoto/dev/polkaswap-exchange-web/src/components/shared/Button/SvgIconButton/Icons/Line.vue": {"lines":{"total":0,"covered":0,"skipped":0,"pct":100},"functions":{"total":0,"covered":0,"skipped":0,"pct":100},"statements":{"total":0,"covered":0,"skipped":0,"pct":100},"branches":{"total":0,"covered":0,"skipped":0,"pct":100}}
,"/Users/takemiyamakoto/dev/polkaswap-exchange-web/src/components/shared/Chart/ChartSkeleton.vue": {"lines":{"total":17,"covered":17,"skipped":0,"pct":100},"functions":{"total":7,"covered":7,"skipped":0,"pct":100},"statements":{"total":18,"covered":18,"skipped":0,"pct":100},"branches":{"total":18,"covered":17,"skipped":0,"pct":94.44}}
,"/Users/takemiyamakoto/dev/polkaswap-exchange-web/src/components/shared/Dialog/ConfirmBridgeTransaction.vue": {"lines":{"total":0,"covered":0,"skipped":0,"pct":100},"functions":{"total":0,"covered":0,"skipped":0,"pct":100},"statements":{"total":0,"covered":0,"skipped":0,"pct":100},"branches":{"total":0,"covered":0,"skipped":0,"pct":100}}
,"/Users/takemiyamakoto/dev/polkaswap-exchange-web/src/components/shared/Dialog/NetworkFeeWarning.vue": {"lines":{"total":0,"covered":0,"skipped":0,"pct":100},"functions":{"total":0,"covered":0,"skipped":0,"pct":100},"statements":{"total":0,"covered":0,"skipped":0,"pct":100},"branches":{"total":0,"covered":0,"skipped":0,"pct":100}}
,"/Users/takemiyamakoto/dev/polkaswap-exchange-web/src/components/shared/Dialog/PaymentError.vue": {"lines":{"total":17,"covered":17,"skipped":0,"pct":100},"functions":{"total":7,"covered":6,"skipped":0,"pct":85.71},"statements":{"total":18,"covered":17,"skipped":0,"pct":94.44},"branches":{"total":4,"covered":4,"skipped":0,"pct":100}}
,"/Users/takemiyamakoto/dev/polkaswap-exchange-web/src/components/shared/Dialog/SelectProvider.vue": {"lines":{"total":0,"covered":0,"skipped":0,"pct":100},"functions":{"total":0,"covered":0,"skipped":0,"pct":100},"statements":{"total":0,"covered":0,"skipped":0,"pct":100},"branches":{"total":0,"covered":0,"skipped":0,"pct":100}}
,"/Users/takemiyamakoto/dev/polkaswap-exchange-web/src/components/shared/Dialog/SelectSoraAccount.vue": {"lines":{"total":16,"covered":0,"skipped":0,"pct":0},"functions":{"total":9,"covered":0,"skipped":0,"pct":0},"statements":{"total":19,"covered":0,"skipped":0,"pct":0},"branches":{"total":2,"covered":0,"skipped":0,"pct":0}}
,"/Users/takemiyamakoto/dev/polkaswap-exchange-web/src/components/shared/Input/TokenInput.vue": {"lines":{"total":92,"covered":78,"skipped":0,"pct":84.78},"functions":{"total":38,"covered":24,"skipped":0,"pct":63.15},"statements":{"total":113,"covered":89,"skipped":0,"pct":78.76},"branches":{"total":69,"covered":30,"skipped":0,"pct":43.47}}
,"/Users/takemiyamakoto/dev/polkaswap-exchange-web/src/components/shared/Input/TokenSelectButton.vue": {"lines":{"total":20,"covered":20,"skipped":0,"pct":100},"functions":{"total":8,"covered":8,"skipped":0,"pct":100},"statements":{"total":27,"covered":27,"skipped":0,"pct":100},"branches":{"total":22,"covered":21,"skipped":0,"pct":95.45}}
,"/Users/takemiyamakoto/dev/polkaswap-exchange-web/src/components/shared/Input/tokenInput.utils.ts": {"lines":{"total":6,"covered":6,"skipped":0,"pct":100},"functions":{"total":2,"covered":2,"skipped":0,"pct":100},"statements":{"total":8,"covered":8,"skipped":0,"pct":100},"branches":{"total":12,"covered":10,"skipped":0,"pct":83.33}}
,"/Users/takemiyamakoto/dev/polkaswap-exchange-web/src/components/shared/Logo/CedeStore.vue": {"lines":{"total":3,"covered":3,"skipped":0,"pct":100},"functions":{"total":1,"covered":1,"skipped":0,"pct":100},"statements":{"total":4,"covered":4,"skipped":0,"pct":100},"branches":{"total":4,"covered":4,"skipped":0,"pct":100}}
,"/Users/takemiyamakoto/dev/polkaswap-exchange-web/src/components/shared/Logo/Moonpay.vue": {"lines":{"total":4,"covered":4,"skipped":0,"pct":100},"functions":{"total":2,"covered":2,"skipped":0,"pct":100},"statements":{"total":6,"covered":6,"skipped":0,"pct":100},"branches":{"total":4,"covered":4,"skipped":0,"pct":100}}
,"/Users/takemiyamakoto/dev/polkaswap-exchange-web/src/components/shared/Logo/Polkaswap.vue": {"lines":{"total":3,"covered":3,"skipped":0,"pct":100},"functions":{"total":1,"covered":1,"skipped":0,"pct":100},"statements":{"total":4,"covered":4,"skipped":0,"pct":100},"branches":{"total":2,"covered":2,"skipped":0,"pct":100}}
,"/Users/takemiyamakoto/dev/polkaswap-exchange-web/src/components/shared/Logo/Sora.vue": {"lines":{"total":3,"covered":3,"skipped":0,"pct":100},"functions":{"total":1,"covered":1,"skipped":0,"pct":100},"statements":{"total":4,"covered":4,"skipped":0,"pct":100},"branches":{"total":2,"covered":2,"skipped":0,"pct":100}}
,"/Users/takemiyamakoto/dev/polkaswap-exchange-web/src/components/shared/Logo/Web3.vue": {"lines":{"total":3,"covered":3,"skipped":0,"pct":100},"functions":{"total":1,"covered":1,"skipped":0,"pct":100},"statements":{"total":4,"covered":4,"skipped":0,"pct":100},"branches":{"total":2,"covered":2,"skipped":0,"pct":100}}
,"/Users/takemiyamakoto/dev/polkaswap-exchange-web/src/components/shared/SelectAsset/List.vue": {"lines":{"total":23,"covered":22,"skipped":0,"pct":95.65},"functions":{"total":8,"covered":7,"skipped":0,"pct":87.5},"statements":{"total":23,"covered":22,"skipped":0,"pct":95.65},"branches":{"total":14,"covered":10,"skipped":0,"pct":71.42}}
,"/Users/takemiyamakoto/dev/polkaswap-exchange-web/src/components/shared/SelectAsset/SelectToken.vue": {"lines":{"total":149,"covered":119,"skipped":0,"pct":79.86},"functions":{"total":63,"covered":44,"skipped":0,"pct":69.84},"statements":{"total":178,"covered":136,"skipped":0,"pct":76.4},"branches":{"total":91,"covered":47,"skipped":0,"pct":51.64}}
,"/Users/takemiyamakoto/dev/polkaswap-exchange-web/src/components/shared/SelectAsset/utils.ts": {"lines":{"total":4,"covered":4,"skipped":0,"pct":100},"functions":{"total":1,"covered":1,"skipped":0,"pct":100},"statements":{"total":5,"covered":5,"skipped":0,"pct":100},"branches":{"total":6,"covered":6,"skipped":0,"pct":100}}
,"/Users/takemiyamakoto/dev/polkaswap-exchange-web/src/components/shared/Settings/SlippageTolerance.vue": {"lines":{"total":66,"covered":58,"skipped":0,"pct":87.87},"functions":{"total":26,"covered":22,"skipped":0,"pct":84.61},"statements":{"total":71,"covered":63,"skipped":0,"pct":88.73},"branches":{"total":35,"covered":26,"skipped":0,"pct":74.28}}
,"/Users/takemiyamakoto/dev/polkaswap-exchange-web/src/components/shared/Settings/Tabs.vue": {"lines":{"total":9,"covered":9,"skipped":0,"pct":100},"functions":{"total":5,"covered":5,"skipped":0,"pct":100},"statements":{"total":11,"covered":10,"skipped":0,"pct":90.9},"branches":{"total":4,"covered":2,"skipped":0,"pct":50}}
,"/Users/takemiyamakoto/dev/polkaswap-exchange-web/src/components/shared/Settings/useSlippageToleranceModel.ts": {"lines":{"total":66,"covered":66,"skipped":0,"pct":100},"functions":{"total":22,"covered":22,"skipped":0,"pct":100},"statements":{"total":71,"covered":71,"skipped":0,"pct":100},"branches":{"total":34,"covered":32,"skipped":0,"pct":94.11}}
,"/Users/takemiyamakoto/dev/polkaswap-exchange-web/src/components/shared/Skeleton/DataRow.vue": {"lines":{"total":4,"covered":4,"skipped":0,"pct":100},"functions":{"total":2,"covered":2,"skipped":0,"pct":100},"statements":{"total":4,"covered":4,"skipped":0,"pct":100},"branches":{"total":4,"covered":4,"skipped":0,"pct":100}}
,"/Users/takemiyamakoto/dev/polkaswap-exchange-web/src/components/shared/Stats/StatsFilter.vue": {"lines":{"total":66,"covered":61,"skipped":0,"pct":92.42},"functions":{"total":19,"covered":19,"skipped":0,"pct":100},"statements":{"total":74,"covered":65,"skipped":0,"pct":87.83},"branches":{"total":31,"covered":20,"skipped":0,"pct":64.51}}
,"/Users/takemiyamakoto/dev/polkaswap-exchange-web/src/components/shared/Widget/Base.vue": {"lines":{"total":135,"covered":75,"skipped":0,"pct":55.55},"functions":{"total":37,"covered":22,"skipped":0,"pct":59.45},"statements":{"total":152,"covered":81,"skipped":0,"pct":53.28},"branches":{"total":72,"covered":32,"skipped":0,"pct":44.44}}
,"/Users/takemiyamakoto/dev/polkaswap-exchange-web/src/components/shared/Widget/Customise.vue": {"lines":{"total":35,"covered":34,"skipped":0,"pct":97.14},"functions":{"total":15,"covered":14,"skipped":0,"pct":93.33},"statements":{"total":37,"covered":35,"skipped":0,"pct":94.59},"branches":{"total":17,"covered":12,"skipped":0,"pct":70.58}}
,"/Users/takemiyamakoto/dev/polkaswap-exchange-web/src/components/shared/Widget/Grid.vue": {"lines":{"total":145,"covered":127,"skipped":0,"pct":87.58},"functions":{"total":39,"covered":32,"skipped":0,"pct":82.05},"statements":{"total":173,"covered":143,"skipped":0,"pct":82.65},"branches":{"total":94,"covered":60,"skipped":0,"pct":63.82}}
,"/Users/takemiyamakoto/dev/polkaswap-exchange-web/src/components/shared/Widget/IFrame.vue": {"lines":{"total":19,"covered":18,"skipped":0,"pct":94.73},"functions":{"total":4,"covered":4,"skipped":0,"pct":100},"statements":{"total":24,"covered":20,"skipped":0,"pct":83.33},"branches":{"total":12,"covered":9,"skipped":0,"pct":75}}
,"/Users/takemiyamakoto/dev/polkaswap-exchange-web/src/components/shared/Widget/PriceChart.vue": {"lines":{"total":392,"covered":8,"skipped":0,"pct":2.04},"functions":{"total":101,"covered":1,"skipped":0,"pct":0.99},"statements":{"total":448,"covered":9,"skipped":0,"pct":2},"branches":{"total":214,"covered":2,"skipped":0,"pct":0.93}}
,"/Users/takemiyamakoto/dev/polkaswap-exchange-web/src/components/shared/Widget/SupplyChart.vue": {"lines":{"total":68,"covered":0,"skipped":0,"pct":0},"functions":{"total":29,"covered":0,"skipped":0,"pct":0},"statements":{"total":77,"covered":0,"skipped":0,"pct":0},"branches":{"total":17,"covered":0,"skipped":0,"pct":0}}
,"/Users/takemiyamakoto/dev/polkaswap-exchange-web/src/components/shared/Widget/TokenPriceChart.vue": {"lines":{"total":9,"covered":0,"skipped":0,"pct":0},"functions":{"total":4,"covered":0,"skipped":0,"pct":0},"statements":{"total":10,"covered":0,"skipped":0,"pct":0},"branches":{"total":3,"covered":0,"skipped":0,"pct":0}}
,"/Users/takemiyamakoto/dev/polkaswap-exchange-web/src/components/shared/Widget/grid.utils.ts": {"lines":{"total":75,"covered":74,"skipped":0,"pct":98.66},"functions":{"total":17,"covered":17,"skipped":0,"pct":100},"statements":{"total":85,"covered":83,"skipped":0,"pct":97.64},"branches":{"total":51,"covered":38,"skipped":0,"pct":74.5}}
,"/Users/takemiyamakoto/dev/polkaswap-exchange-web/src/components/shared/Widget/priceChart.utils.ts": {"lines":{"total":40,"covered":38,"skipped":0,"pct":95},"functions":{"total":12,"covered":10,"skipped":0,"pct":83.33},"statements":{"total":44,"covered":40,"skipped":0,"pct":90.9},"branches":{"total":29,"covered":17,"skipped":0,"pct":58.62}}
,"/Users/takemiyamakoto/dev/polkaswap-exchange-web/src/components/shared/Widget/supplyChart.utils.ts": {"lines":{"total":1,"covered":1,"skipped":0,"pct":100},"functions":{"total":2,"covered":2,"skipped":0,"pct":100},"statements":{"total":2,"covered":2,"skipped":0,"pct":100},"branches":{"total":5,"covered":5,"skipped":0,"pct":100}}
,"/Users/takemiyamakoto/dev/polkaswap-exchange-web/src/composables/useAssetFormatting.ts": {"lines":{"total":25,"covered":23,"skipped":0,"pct":92},"functions":{"total":6,"covered":5,"skipped":0,"pct":83.33},"statements":{"total":29,"covered":25,"skipped":0,"pct":86.2},"branches":{"total":33,"covered":22,"skipped":0,"pct":66.66}}
,"/Users/takemiyamakoto/dev/polkaswap-exchange-web/src/composables/useAssetSearch.ts": {"lines":{"total":9,"covered":9,"skipped":0,"pct":100},"functions":{"total":2,"covered":2,"skipped":0,"pct":100},"statements":{"total":10,"covered":10,"skipped":0,"pct":100},"branches":{"total":12,"covered":10,"skipped":0,"pct":83.33}}
,"/Users/takemiyamakoto/dev/polkaswap-exchange-web/src/composables/useAssets.ts": {"lines":{"total":49,"covered":45,"skipped":0,"pct":91.83},"functions":{"total":19,"covered":16,"skipped":0,"pct":84.21},"statements":{"total":56,"covered":50,"skipped":0,"pct":89.28},"branches":{"total":34,"covered":26,"skipped":0,"pct":76.47}}
,"/Users/takemiyamakoto/dev/polkaswap-exchange-web/src/composables/useBridgeCore.ts": {"lines":{"total":56,"covered":56,"skipped":0,"pct":100},"functions":{"total":31,"covered":22,"skipped":0,"pct":70.96},"statements":{"total":83,"covered":69,"skipped":0,"pct":83.13},"branches":{"total":32,"covered":23,"skipped":0,"pct":71.87}}
,"/Users/takemiyamakoto/dev/polkaswap-exchange-web/src/composables/useBridgeHistory.ts": {"lines":{"total":49,"covered":28,"skipped":0,"pct":57.14},"functions":{"total":16,"covered":5,"skipped":0,"pct":31.25},"statements":{"total":53,"covered":30,"skipped":0,"pct":56.6},"branches":{"total":11,"covered":5,"skipped":0,"pct":45.45}}
,"/Users/takemiyamakoto/dev/polkaswap-exchange-web/src/composables/useBridgeTransaction.ts": {"lines":{"total":32,"covered":32,"skipped":0,"pct":100},"functions":{"total":21,"covered":17,"skipped":0,"pct":80.95},"statements":{"total":49,"covered":45,"skipped":0,"pct":91.83},"branches":{"total":39,"covered":23,"skipped":0,"pct":58.97}}
,"/Users/takemiyamakoto/dev/polkaswap-exchange-web/src/composables/useChartSpec.ts": {"lines":{"total":37,"covered":34,"skipped":0,"pct":91.89},"functions":{"total":13,"covered":11,"skipped":0,"pct":84.61},"statements":{"total":42,"covered":38,"skipped":0,"pct":90.47},"branches":{"total":22,"covered":15,"skipped":0,"pct":68.18}}
,"/Users/takemiyamakoto/dev/polkaswap-exchange-web/src/composables/useConfirmDialog.ts": {"lines":{"total":13,"covered":13,"skipped":0,"pct":100},"functions":{"total":5,"covered":5,"skipped":0,"pct":100},"statements":{"total":14,"covered":14,"skipped":0,"pct":100},"branches":{"total":2,"covered":2,"skipped":0,"pct":100}}
,"/Users/takemiyamakoto/dev/polkaswap-exchange-web/src/composables/useCopyAddress.ts": {"lines":{"total":25,"covered":25,"skipped":0,"pct":100},"functions":{"total":4,"covered":4,"skipped":0,"pct":100},"statements":{"total":25,"covered":25,"skipped":0,"pct":100},"branches":{"total":12,"covered":10,"skipped":0,"pct":83.33}}
,"/Users/takemiyamakoto/dev/polkaswap-exchange-web/src/composables/useDialog.ts": {"lines":{"total":17,"covered":17,"skipped":0,"pct":100},"functions":{"total":5,"covered":5,"skipped":0,"pct":100},"statements":{"total":18,"covered":17,"skipped":0,"pct":94.44},"branches":{"total":9,"covered":8,"skipped":0,"pct":88.88}}
,"/Users/takemiyamakoto/dev/polkaswap-exchange-web/src/composables/useExploreTable.ts": {"lines":{"total":75,"covered":59,"skipped":0,"pct":78.66},"functions":{"total":23,"covered":21,"skipped":0,"pct":91.3},"statements":{"total":89,"covered":71,"skipped":0,"pct":79.77},"branches":{"total":44,"covered":29,"skipped":0,"pct":65.9}}
,"/Users/takemiyamakoto/dev/polkaswap-exchange-web/src/composables/useFormattedAmount.ts": {"lines":{"total":38,"covered":31,"skipped":0,"pct":81.57},"functions":{"total":9,"covered":9,"skipped":0,"pct":100},"statements":{"total":52,"covered":39,"skipped":0,"pct":75},"branches":{"total":45,"covered":26,"skipped":0,"pct":57.77}}
,"/Users/takemiyamakoto/dev/polkaswap-exchange-web/src/composables/useIndexerDataFetch.ts": {"lines":{"total":77,"covered":57,"skipped":0,"pct":74.02},"functions":{"total":22,"covered":17,"skipped":0,"pct":77.27},"statements":{"total":86,"covered":61,"skipped":0,"pct":70.93},"branches":{"total":30,"covered":13,"skipped":0,"pct":43.33}}
,"/Users/takemiyamakoto/dev/polkaswap-exchange-web/src/composables/useInternalConnect.ts": {"lines":{"total":10,"covered":10,"skipped":0,"pct":100},"functions":{"total":6,"covered":6,"skipped":0,"pct":100},"statements":{"total":13,"covered":13,"skipped":0,"pct":100},"branches":{"total":0,"covered":0,"skipped":0,"pct":100}}
,"/Users/takemiyamakoto/dev/polkaswap-exchange-web/src/composables/useLoading.ts": {"lines":{"total":62,"covered":56,"skipped":0,"pct":90.32},"functions":{"total":11,"covered":11,"skipped":0,"pct":100},"statements":{"total":64,"covered":58,"skipped":0,"pct":90.62},"branches":{"total":34,"covered":23,"skipped":0,"pct":67.64}}
,"/Users/takemiyamakoto/dev/polkaswap-exchange-web/src/composables/useNetworkFeeDialog.ts": {"lines":{"total":13,"covered":13,"skipped":0,"pct":100},"functions":{"total":5,"covered":5,"skipped":0,"pct":100},"statements":{"total":14,"covered":14,"skipped":0,"pct":100},"branches":{"total":3,"covered":3,"skipped":0,"pct":100}}
,"/Users/takemiyamakoto/dev/polkaswap-exchange-web/src/composables/useNetworkFeeWarning.ts": {"lines":{"total":26,"covered":26,"skipped":0,"pct":100},"functions":{"total":7,"covered":7,"skipped":0,"pct":100},"statements":{"total":29,"covered":29,"skipped":0,"pct":100},"branches":{"total":18,"covered":18,"skipped":0,"pct":100}}
,"/Users/takemiyamakoto/dev/polkaswap-exchange-web/src/composables/useNetworkFormatter.ts": {"lines":{"total":85,"covered":45,"skipped":0,"pct":52.94},"functions":{"total":22,"covered":13,"skipped":0,"pct":59.09},"statements":{"total":102,"covered":51,"skipped":0,"pct":50},"branches":{"total":87,"covered":22,"skipped":0,"pct":25.28}}
,"/Users/takemiyamakoto/dev/polkaswap-exchange-web/src/composables/useNodeNotifications.ts": {"lines":{"total":12,"covered":12,"skipped":0,"pct":100},"functions":{"total":4,"covered":4,"skipped":0,"pct":100},"statements":{"total":12,"covered":12,"skipped":0,"pct":100},"branches":{"total":4,"covered":4,"skipped":0,"pct":100}}
,"/Users/takemiyamakoto/dev/polkaswap-exchange-web/src/composables/useNotification.ts": {"lines":{"total":34,"covered":34,"skipped":0,"pct":100},"functions":{"total":8,"covered":8,"skipped":0,"pct":100},"statements":{"total":37,"covered":37,"skipped":0,"pct":100},"branches":{"total":21,"covered":19,"skipped":0,"pct":90.47}}
,"/Users/takemiyamakoto/dev/polkaswap-exchange-web/src/composables/useNumberFormatter.ts": {"lines":{"total":15,"covered":15,"skipped":0,"pct":100},"functions":{"total":8,"covered":8,"skipped":0,"pct":100},"statements":{"total":19,"covered":19,"skipped":0,"pct":100},"branches":{"total":2,"covered":2,"skipped":0,"pct":100}}
,"/Users/takemiyamakoto/dev/polkaswap-exchange-web/src/composables/useOperations.ts": {"lines":{"total":43,"covered":31,"skipped":0,"pct":72.09},"functions":{"total":4,"covered":3,"skipped":0,"pct":75},"statements":{"total":45,"covered":32,"skipped":0,"pct":71.11},"branches":{"total":43,"covered":18,"skipped":0,"pct":41.86}}
,"/Users/takemiyamakoto/dev/polkaswap-exchange-web/src/composables/useOrderBook.ts": {"lines":{"total":152,"covered":107,"skipped":0,"pct":70.39},"functions":{"total":63,"covered":35,"skipped":0,"pct":55.55},"statements":{"total":179,"covered":122,"skipped":0,"pct":68.15},"branches":{"total":108,"covered":46,"skipped":0,"pct":42.59}}
,"/Users/takemiyamakoto/dev/polkaswap-exchange-web/src/composables/useOrderBook.utils.ts": {"lines":{"total":25,"covered":25,"skipped":0,"pct":100},"functions":{"total":11,"covered":11,"skipped":0,"pct":100},"statements":{"total":29,"covered":28,"skipped":0,"pct":96.55},"branches":{"total":18,"covered":13,"skipped":0,"pct":72.22}}
,"/Users/takemiyamakoto/dev/polkaswap-exchange-web/src/composables/useOrderBookManagement.ts": {"lines":{"total":18,"covered":18,"skipped":0,"pct":100},"functions":{"total":9,"covered":9,"skipped":0,"pct":100},"statements":{"total":18,"covered":18,"skipped":0,"pct":100},"branches":{"total":3,"covered":2,"skipped":0,"pct":66.66}}
,"/Users/takemiyamakoto/dev/polkaswap-exchange-web/src/composables/useOrderBookPairList.ts": {"lines":{"total":8,"covered":8,"skipped":0,"pct":100},"functions":{"total":4,"covered":4,"skipped":0,"pct":100},"statements":{"total":8,"covered":8,"skipped":0,"pct":100},"branches":{"total":4,"covered":2,"skipped":0,"pct":50}}
,"/Users/takemiyamakoto/dev/polkaswap-exchange-web/src/composables/useOrderBookUserOrders.ts": {"lines":{"total":20,"covered":20,"skipped":0,"pct":100},"functions":{"total":11,"covered":11,"skipped":0,"pct":100},"statements":{"total":23,"covered":23,"skipped":0,"pct":100},"branches":{"total":8,"covered":6,"skipped":0,"pct":75}}
,"/Users/takemiyamakoto/dev/polkaswap-exchange-web/src/composables/usePiniaTelemetry.ts": {"lines":{"total":11,"covered":11,"skipped":0,"pct":100},"functions":{"total":5,"covered":5,"skipped":0,"pct":100},"statements":{"total":11,"covered":11,"skipped":0,"pct":100},"branches":{"total":9,"covered":8,"skipped":0,"pct":88.88}}
,"/Users/takemiyamakoto/dev/polkaswap-exchange-web/src/composables/useScrollableTable.ts": {"lines":{"total":28,"covered":20,"skipped":0,"pct":71.42},"functions":{"total":10,"covered":8,"skipped":0,"pct":80},"statements":{"total":31,"covered":23,"skipped":0,"pct":74.19},"branches":{"total":6,"covered":2,"skipped":0,"pct":33.33}}
,"/Users/takemiyamakoto/dev/polkaswap-exchange-web/src/composables/useSearchInput.ts": {"lines":{"total":12,"covered":12,"skipped":0,"pct":100},"functions":{"total":5,"covered":5,"skipped":0,"pct":100},"statements":{"total":13,"covered":13,"skipped":0,"pct":100},"branches":{"total":0,"covered":0,"skipped":0,"pct":100}}
,"/Users/takemiyamakoto/dev/polkaswap-exchange-web/src/composables/useSelectAssetTools.ts": {"lines":{"total":2,"covered":2,"skipped":0,"pct":100},"functions":{"total":1,"covered":1,"skipped":0,"pct":100},"statements":{"total":2,"covered":2,"skipped":0,"pct":100},"branches":{"total":0,"covered":0,"skipped":0,"pct":100}}
,"/Users/takemiyamakoto/dev/polkaswap-exchange-web/src/composables/useSelectedTokensRoute.ts": {"lines":{"total":0,"covered":0,"skipped":0,"pct":100},"functions":{"total":0,"covered":0,"skipped":0,"pct":100},"statements":{"total":0,"covered":0,"skipped":0,"pct":100},"branches":{"total":0,"covered":0,"skipped":0,"pct":100}}
,"/Users/takemiyamakoto/dev/polkaswap-exchange-web/src/composables/useSubscriptions.ts": {"lines":{"total":133,"covered":85,"skipped":0,"pct":63.9},"functions":{"total":48,"covered":19,"skipped":0,"pct":39.58},"statements":{"total":156,"covered":91,"skipped":0,"pct":58.33},"branches":{"total":108,"covered":44,"skipped":0,"pct":40.74}}
,"/Users/takemiyamakoto/dev/polkaswap-exchange-web/src/composables/useSwapAmounts.ts": {"lines":{"total":0,"covered":0,"skipped":0,"pct":100},"functions":{"total":0,"covered":0,"skipped":0,"pct":100},"statements":{"total":0,"covered":0,"skipped":0,"pct":100},"branches":{"total":0,"covered":0,"skipped":0,"pct":100}}
,"/Users/takemiyamakoto/dev/polkaswap-exchange-web/src/composables/useSwapBalanceSubscriptions.ts": {"lines":{"total":16,"covered":16,"skipped":0,"pct":100},"functions":{"total":4,"covered":4,"skipped":0,"pct":100},"statements":{"total":16,"covered":16,"skipped":0,"pct":100},"branches":{"total":10,"covered":8,"skipped":0,"pct":80}}
,"/Users/takemiyamakoto/dev/polkaswap-exchange-web/src/composables/useThemePalette.ts": {"lines":{"total":5,"covered":5,"skipped":0,"pct":100},"functions":{"total":4,"covered":4,"skipped":0,"pct":100},"statements":{"total":7,"covered":7,"skipped":0,"pct":100},"branches":{"total":2,"covered":2,"skipped":0,"pct":100}}
,"/Users/takemiyamakoto/dev/polkaswap-exchange-web/src/composables/useTokenSelect.ts": {"lines":{"total":9,"covered":9,"skipped":0,"pct":100},"functions":{"total":2,"covered":2,"skipped":0,"pct":100},"statements":{"total":9,"covered":9,"skipped":0,"pct":100},"branches":{"total":0,"covered":0,"skipped":0,"pct":100}}
,"/Users/takemiyamakoto/dev/polkaswap-exchange-web/src/composables/useTransaction.ts": {"lines":{"total":46,"covered":41,"skipped":0,"pct":89.13},"functions":{"total":11,"covered":10,"skipped":0,"pct":90.9},"statements":{"total":49,"covered":44,"skipped":0,"pct":89.79},"branches":{"total":27,"covered":20,"skipped":0,"pct":74.07}}
,"/Users/takemiyamakoto/dev/polkaswap-exchange-web/src/composables/useTranslation.ts": {"lines":{"total":41,"covered":41,"skipped":0,"pct":100},"functions":{"total":7,"covered":7,"skipped":0,"pct":100},"statements":{"total":47,"covered":47,"skipped":0,"pct":100},"branches":{"total":32,"covered":29,"skipped":0,"pct":90.62}}
,"/Users/takemiyamakoto/dev/polkaswap-exchange-web/src/composables/useWalletConnect.ts": {"lines":{"total":55,"covered":51,"skipped":0,"pct":92.72},"functions":{"total":24,"covered":18,"skipped":0,"pct":75},"statements":{"total":74,"covered":63,"skipped":0,"pct":85.13},"branches":{"total":30,"covered":20,"skipped":0,"pct":66.66}}
,"/Users/takemiyamakoto/dev/polkaswap-exchange-web/src/composables/useWeb3Connection.ts": {"lines":{"total":34,"covered":34,"skipped":0,"pct":100},"functions":{"total":16,"covered":10,"skipped":0,"pct":62.5},"statements":{"total":47,"covered":41,"skipped":0,"pct":87.23},"branches":{"total":2,"covered":2,"skipped":0,"pct":100}}
,"/Users/takemiyamakoto/dev/polkaswap-exchange-web/src/composables/useWidgetTokenSelect.ts": {"lines":{"total":23,"covered":22,"skipped":0,"pct":95.65},"functions":{"total":12,"covered":11,"skipped":0,"pct":91.66},"statements":{"total":32,"covered":31,"skipped":0,"pct":96.87},"branches":{"total":21,"covered":21,"skipped":0,"pct":100}}
,"/Users/takemiyamakoto/dev/polkaswap-exchange-web/src/composables/utils/normalizeRouteParams.ts": {"lines":{"total":5,"covered":5,"skipped":0,"pct":100},"functions":{"total":1,"covered":1,"skipped":0,"pct":100},"statements":{"total":5,"covered":5,"skipped":0,"pct":100},"branches":{"total":8,"covered":8,"skipped":0,"pct":100}}
,"/Users/takemiyamakoto/dev/polkaswap-exchange-web/src/consts/evm.ts": {"lines":{"total":13,"covered":13,"skipped":0,"pct":100},"functions":{"total":3,"covered":3,"skipped":0,"pct":100},"statements":{"total":16,"covered":16,"skipped":0,"pct":100},"branches":{"total":6,"covered":6,"skipped":0,"pct":100}}
,"/Users/takemiyamakoto/dev/polkaswap-exchange-web/src/consts/index.ts": {"lines":{"total":212,"covered":212,"skipped":0,"pct":100},"functions":{"total":9,"covered":9,"skipped":0,"pct":100},"statements":{"total":221,"covered":221,"skipped":0,"pct":100},"branches":{"total":16,"covered":16,"skipped":0,"pct":100}}
,"/Users/takemiyamakoto/dev/polkaswap-exchange-web/src/consts/indexer.ts": {"lines":{"total":3,"covered":3,"skipped":0,"pct":100},"functions":{"total":0,"covered":0,"skipped":0,"pct":100},"statements":{"total":3,"covered":3,"skipped":0,"pct":100},"branches":{"total":0,"covered":0,"skipped":0,"pct":100}}
,"/Users/takemiyamakoto/dev/polkaswap-exchange-web/src/consts/layout.ts": {"lines":{"total":25,"covered":25,"skipped":0,"pct":100},"functions":{"total":4,"covered":4,"skipped":0,"pct":100},"statements":{"total":29,"covered":29,"skipped":0,"pct":100},"branches":{"total":8,"covered":8,"skipped":0,"pct":100}}
,"/Users/takemiyamakoto/dev/polkaswap-exchange-web/src/consts/mst.ts": {"lines":{"total":1,"covered":1,"skipped":0,"pct":100},"functions":{"total":0,"covered":0,"skipped":0,"pct":100},"statements":{"total":1,"covered":1,"skipped":0,"pct":100},"branches":{"total":0,"covered":0,"skipped":0,"pct":100}}
,"/Users/takemiyamakoto/dev/polkaswap-exchange-web/src/consts/pagination.ts": {"lines":{"total":1,"covered":1,"skipped":0,"pct":100},"functions":{"total":0,"covered":0,"skipped":0,"pct":100},"statements":{"total":1,"covered":1,"skipped":0,"pct":100},"branches":{"total":0,"covered":0,"skipped":0,"pct":100}}
,"/Users/takemiyamakoto/dev/polkaswap-exchange-web/src/consts/pointSystem.ts": {"lines":{"total":25,"covered":15,"skipped":0,"pct":60},"functions":{"total":6,"covered":3,"skipped":0,"pct":50},"statements":{"total":27,"covered":17,"skipped":0,"pct":62.96},"branches":{"total":11,"covered":4,"skipped":0,"pct":36.36}}
,"/Users/takemiyamakoto/dev/polkaswap-exchange-web/src/consts/routeWhitelistBySymbol.json": {"lines":{"total":0,"covered":0,"skipped":0,"pct":100},"functions":{"total":0,"covered":0,"skipped":0,"pct":100},"statements":{"total":0,"covered":0,"skipped":0,"pct":100},"branches":{"total":0,"covered":0,"skipped":0,"pct":100}}
,"/Users/takemiyamakoto/dev/polkaswap-exchange-web/src/consts/snapshots.ts": {"lines":{"total":11,"covered":11,"skipped":0,"pct":100},"functions":{"total":0,"covered":0,"skipped":0,"pct":100},"statements":{"total":11,"covered":11,"skipped":0,"pct":100},"branches":{"total":2,"covered":1,"skipped":0,"pct":50}}
,"/Users/takemiyamakoto/dev/polkaswap-exchange-web/src/consts/sub.ts": {"lines":{"total":3,"covered":3,"skipped":0,"pct":100},"functions":{"total":0,"covered":0,"skipped":0,"pct":100},"statements":{"total":3,"covered":3,"skipped":0,"pct":100},"branches":{"total":2,"covered":1,"skipped":0,"pct":50}}
,"/Users/takemiyamakoto/dev/polkaswap-exchange-web/src/consts/theme.ts": {"lines":{"total":7,"covered":7,"skipped":0,"pct":100},"functions":{"total":2,"covered":2,"skipped":0,"pct":100},"statements":{"total":9,"covered":9,"skipped":0,"pct":100},"branches":{"total":4,"covered":4,"skipped":0,"pct":100}}
,"/Users/takemiyamakoto/dev/polkaswap-exchange-web/src/directives/button.ts": {"lines":{"total":49,"covered":35,"skipped":0,"pct":71.42},"functions":{"total":10,"covered":7,"skipped":0,"pct":70},"statements":{"total":52,"covered":37,"skipped":0,"pct":71.15},"branches":{"total":33,"covered":17,"skipped":0,"pct":51.51}}
,"/Users/takemiyamakoto/dev/polkaswap-exchange-web/src/directives/loading.ts": {"lines":{"total":38,"covered":27,"skipped":0,"pct":71.05},"functions":{"total":8,"covered":5,"skipped":0,"pct":62.5},"statements":{"total":39,"covered":27,"skipped":0,"pct":69.23},"branches":{"total":18,"covered":7,"skipped":0,"pct":38.88}}
,"/Users/takemiyamakoto/dev/polkaswap-exchange-web/src/features/bridge/index.ts": {"lines":{"total":0,"covered":0,"skipped":0,"pct":100},"functions":{"total":0,"covered":0,"skipped":0,"pct":100},"statements":{"total":0,"covered":0,"skipped":0,"pct":100},"branches":{"total":0,"covered":0,"skipped":0,"pct":100}}
,"/Users/takemiyamakoto/dev/polkaswap-exchange-web/src/features/bridge/routes.ts": {"lines":{"total":5,"covered":5,"skipped":0,"pct":100},"functions":{"total":8,"covered":8,"skipped":0,"pct":100},"statements":{"total":9,"covered":9,"skipped":0,"pct":100},"branches":{"total":0,"covered":0,"skipped":0,"pct":100}}
,"/Users/takemiyamakoto/dev/polkaswap-exchange-web/src/features/bridge/legacy/components.ts": {"lines":{"total":22,"covered":22,"skipped":0,"pct":100},"functions":{"total":17,"covered":17,"skipped":0,"pct":100},"statements":{"total":34,"covered":34,"skipped":0,"pct":100},"branches":{"total":0,"covered":0,"skipped":0,"pct":100}}
,"/Users/takemiyamakoto/dev/polkaswap-exchange-web/src/features/bridge/pages/BridgeContainerPage.vue": {"lines":{"total":42,"covered":41,"skipped":0,"pct":97.61},"functions":{"total":21,"covered":20,"skipped":0,"pct":95.23},"statements":{"total":57,"covered":56,"skipped":0,"pct":98.24},"branches":{"total":7,"covered":7,"skipped":0,"pct":100}}
,"/Users/takemiyamakoto/dev/polkaswap-exchange-web/src/features/bridge/pages/BridgePage.vue": {"lines":{"total":256,"covered":5,"skipped":0,"pct":1.95},"functions":{"total":106,"covered":0,"skipped":0,"pct":0},"statements":{"total":315,"covered":5,"skipped":0,"pct":1.58},"branches":{"total":256,"covered":0,"skipped":0,"pct":0}}
,"/Users/takemiyamakoto/dev/polkaswap-exchange-web/src/features/bridge/pages/BridgeTransactionPage.vue": {"lines":{"total":202,"covered":6,"skipped":0,"pct":2.97},"functions":{"total":73,"covered":0,"skipped":0,"pct":0},"statements":{"total":242,"covered":6,"skipped":0,"pct":2.47},"branches":{"total":212,"covered":0,"skipped":0,"pct":0}}
,"/Users/takemiyamakoto/dev/polkaswap-exchange-web/src/features/bridge/pages/BridgeTransactionsHistoryPage.vue": {"lines":{"total":154,"covered":127,"skipped":0,"pct":82.46},"functions":{"total":40,"covered":34,"skipped":0,"pct":85},"statements":{"total":169,"covered":139,"skipped":0,"pct":82.24},"branches":{"total":83,"covered":47,"skipped":0,"pct":56.62}}
,"/Users/takemiyamakoto/dev/polkaswap-exchange-web/src/features/bridge/services/navigationHistory.ts": {"lines":{"total":26,"covered":23,"skipped":0,"pct":88.46},"functions":{"total":3,"covered":3,"skipped":0,"pct":100},"statements":{"total":31,"covered":24,"skipped":0,"pct":77.41},"branches":{"total":28,"covered":18,"skipped":0,"pct":64.28}}
,"/Users/takemiyamakoto/dev/polkaswap-exchange-web/src/features/dashboard/consts.ts": {"lines":{"total":3,"covered":3,"skipped":0,"pct":100},"functions":{"total":1,"covered":1,"skipped":0,"pct":100},"statements":{"total":4,"covered":4,"skipped":0,"pct":100},"branches":{"total":2,"covered":2,"skipped":0,"pct":100}}
[...]
,"/Users/takemiyamakoto/dev/polkaswap-exchange-web/vendor/lodash-es/templateSettings.js": {"lines":{"total":1,"covered":1,"skipped":0,"pct":100},"functions":{"total":0,"covered":0,"skipped":0,"pct":100},"statements":{"total":1,"covered":1,"skipped":0,"pct":100},"branches":{"total":0,"covered":0,"skipped":0,"pct":100}}
,"/Users/takemiyamakoto/dev/polkaswap-exchange-web/vendor/lodash-es/throttle.js": {"lines":{"total":9,"covered":1,"skipped":0,"pct":11.11},"functions":{"total":1,"covered":0,"skipped":0,"pct":0},"statements":{"total":9,"covered":1,"skipped":0,"pct":11.11},"branches":{"total":8,"covered":0,"skipped":0,"pct":0}}
,"/Users/takemiyamakoto/dev/polkaswap-exchange-web/vendor/lodash-es/thru.js": {"lines":{"total":1,"covered":0,"skipped":0,"pct":0},"functions":{"total":1,"covered":0,"skipped":0,"pct":0},"statements":{"total":1,"covered":0,"skipped":0,"pct":0},"branches":{"total":0,"covered":0,"skipped":0,"pct":100}}
,"/Users/takemiyamakoto/dev/polkaswap-exchange-web/vendor/lodash-es/times.js": {"lines":{"total":14,"covered":3,"skipped":0,"pct":21.42},"functions":{"total":1,"covered":0,"skipped":0,"pct":0},"statements":{"total":14,"covered":3,"skipped":0,"pct":21.42},"branches":{"total":4,"covered":0,"skipped":0,"pct":0}}
,"/Users/takemiyamakoto/dev/polkaswap-exchange-web/vendor/lodash-es/toArray.js": {"lines":{"total":12,"covered":3,"skipped":0,"pct":25},"functions":{"total":1,"covered":0,"skipped":0,"pct":0},"statements":{"total":12,"covered":3,"skipped":0,"pct":25},"branches":{"total":16,"covered":1,"skipped":0,"pct":6.25}}
,"/Users/takemiyamakoto/dev/polkaswap-exchange-web/vendor/lodash-es/toFinite.js": {"lines":{"total":9,"covered":2,"skipped":0,"pct":22.22},"functions":{"total":1,"covered":0,"skipped":0,"pct":0},"statements":{"total":9,"covered":2,"skipped":0,"pct":22.22},"branches":{"total":12,"covered":0,"skipped":0,"pct":0}}
,"/Users/takemiyamakoto/dev/polkaswap-exchange-web/vendor/lodash-es/toInteger.js": {"lines":{"total":3,"covered":0,"skipped":0,"pct":0},"functions":{"total":1,"covered":0,"skipped":0,"pct":0},"statements":{"total":3,"covered":0,"skipped":0,"pct":0},"branches":{"total":4,"covered":0,"skipped":0,"pct":0}}
,"/Users/takemiyamakoto/dev/polkaswap-exchange-web/vendor/lodash-es/toIterator.js": {"lines":{"total":1,"covered":0,"skipped":0,"pct":0},"functions":{"total":1,"covered":0,"skipped":0,"pct":0},"statements":{"total":1,"covered":0,"skipped":0,"pct":0},"branches":{"total":0,"covered":0,"skipped":0,"pct":100}}
,"/Users/takemiyamakoto/dev/polkaswap-exchange-web/vendor/lodash-es/toJSON.js": {"lines":{"total":0,"covered":0,"skipped":0,"pct":100},"functions":{"total":0,"covered":0,"skipped":0,"pct":100},"statements":{"total":0,"covered":0,"skipped":0,"pct":100},"branches":{"total":0,"covered":0,"skipped":0,"pct":100}}
,"/Users/takemiyamakoto/dev/polkaswap-exchange-web/vendor/lodash-es/toLength.js": {"lines":{"total":2,"covered":1,"skipped":0,"pct":50},"functions":{"total":1,"covered":0,"skipped":0,"pct":0},"statements":{"total":2,"covered":1,"skipped":0,"pct":50},"branches":{"total":2,"covered":0,"skipped":0,"pct":0}}
,"/Users/takemiyamakoto/dev/polkaswap-exchange-web/vendor/lodash-es/toLower.js": {"lines":{"total":1,"covered":0,"skipped":0,"pct":0},"functions":{"total":1,"covered":0,"skipped":0,"pct":0},"statements":{"total":1,"covered":0,"skipped":0,"pct":0},"branches":{"total":0,"covered":0,"skipped":0,"pct":100}}
,"/Users/takemiyamakoto/dev/polkaswap-exchange-web/vendor/lodash-es/toNumber.js": {"lines":{"total":17,"covered":5,"skipped":0,"pct":29.41},"functions":{"total":1,"covered":0,"skipped":0,"pct":0},"statements":{"total":17,"covered":5,"skipped":0,"pct":29.41},"branches":{"total":22,"covered":0,"skipped":0,"pct":0}}
,"/Users/takemiyamakoto/dev/polkaswap-exchange-web/vendor/lodash-es/toPairs.js": {"lines":{"total":1,"covered":1,"skipped":0,"pct":100},"functions":{"total":0,"covered":0,"skipped":0,"pct":100},"statements":{"total":1,"covered":1,"skipped":0,"pct":100},"branches":{"total":0,"covered":0,"skipped":0,"pct":100}}
,"/Users/takemiyamakoto/dev/polkaswap-exchange-web/vendor/lodash-es/toPairsIn.js": {"lines":{"total":1,"covered":1,"skipped":0,"pct":100},"functions":{"total":0,"covered":0,"skipped":0,"pct":100},"statements":{"total":1,"covered":1,"skipped":0,"pct":100},"branches":{"total":0,"covered":0,"skipped":0,"pct":100}}
,"/Users/takemiyamakoto/dev/polkaswap-exchange-web/vendor/lodash-es/toPath.js": {"lines":{"total":3,"covered":0,"skipped":0,"pct":0},"functions":{"total":1,"covered":0,"skipped":0,"pct":0},"statements":{"total":3,"covered":0,"skipped":0,"pct":0},"branches":{"total":4,"covered":0,"skipped":0,"pct":0}}
,"/Users/takemiyamakoto/dev/polkaswap-exchange-web/vendor/lodash-es/toPlainObject.js": {"lines":{"total":1,"covered":0,"skipped":0,"pct":0},"functions":{"total":1,"covered":0,"skipped":0,"pct":0},"statements":{"total":1,"covered":0,"skipped":0,"pct":0},"branches":{"total":0,"covered":0,"skipped":0,"pct":100}}
,"/Users/takemiyamakoto/dev/polkaswap-exchange-web/vendor/lodash-es/toSafeInteger.js": {"lines":{"total":2,"covered":1,"skipped":0,"pct":50},"functions":{"total":1,"covered":0,"skipped":0,"pct":0},"statements":{"total":2,"covered":1,"skipped":0,"pct":50},"branches":{"total":4,"covered":0,"skipped":0,"pct":0}}
,"/Users/takemiyamakoto/dev/polkaswap-exchange-web/vendor/lodash-es/toString.js": {"lines":{"total":1,"covered":1,"skipped":0,"pct":100},"functions":{"total":1,"covered":1,"skipped":0,"pct":100},"statements":{"total":1,"covered":1,"skipped":0,"pct":100},"branches":{"total":2,"covered":1,"skipped":0,"pct":50}}
,"/Users/takemiyamakoto/dev/polkaswap-exchange-web/vendor/lodash-es/toUpper.js": {"lines":{"total":1,"covered":0,"skipped":0,"pct":0},"functions":{"total":1,"covered":0,"skipped":0,"pct":0},"statements":{"total":1,"covered":0,"skipped":0,"pct":0},"branches":{"total":0,"covered":0,"skipped":0,"pct":100}}
,"/Users/takemiyamakoto/dev/polkaswap-exchange-web/vendor/lodash-es/transform.js": {"lines":{"total":13,"covered":0,"skipped":0,"pct":0},"functions":{"total":2,"covered":0,"skipped":0,"pct":0},"statements":{"total":13,"covered":0,"skipped":0,"pct":0},"branches":{"total":17,"covered":0,"skipped":0,"pct":0}}
,"/Users/takemiyamakoto/dev/polkaswap-exchange-web/vendor/lodash-es/trim.js": {"lines":{"total":10,"covered":0,"skipped":0,"pct":0},"functions":{"total":1,"covered":0,"skipped":0,"pct":0},"statements":{"total":10,"covered":0,"skipped":0,"pct":0},"branches":{"total":9,"covered":0,"skipped":0,"pct":0}}
,"/Users/takemiyamakoto/dev/polkaswap-exchange-web/vendor/lodash-es/trimEnd.js": {"lines":{"total":8,"covered":0,"skipped":0,"pct":0},"functions":{"total":1,"covered":0,"skipped":0,"pct":0},"statements":{"total":8,"covered":0,"skipped":0,"pct":0},"branches":{"total":9,"covered":0,"skipped":0,"pct":0}}
,"/Users/takemiyamakoto/dev/polkaswap-exchange-web/vendor/lodash-es/trimStart.js": {"lines":{"total":9,"covered":1,"skipped":0,"pct":11.11},"functions":{"total":1,"covered":0,"skipped":0,"pct":0},"statements":{"total":9,"covered":1,"skipped":0,"pct":11.11},"branches":{"total":9,"covered":0,"skipped":0,"pct":0}}
,"/Users/takemiyamakoto/dev/polkaswap-exchange-web/vendor/lodash-es/truncate.js": {"lines":{"total":38,"covered":3,"skipped":0,"pct":7.89},"functions":{"total":1,"covered":0,"skipped":0,"pct":0},"statements":{"total":38,"covered":3,"skipped":0,"pct":7.89},"branches":{"total":32,"covered":0,"skipped":0,"pct":0}}
,"/Users/takemiyamakoto/dev/polkaswap-exchange-web/vendor/lodash-es/unary.js": {"lines":{"total":1,"covered":0,"skipped":0,"pct":0},"functions":{"total":1,"covered":0,"skipped":0,"pct":0},"statements":{"total":1,"covered":0,"skipped":0,"pct":0},"branches":{"total":0,"covered":0,"skipped":0,"pct":100}}
,"/Users/takemiyamakoto/dev/polkaswap-exchange-web/vendor/lodash-es/unescape.js": {"lines":{"total":4,"covered":2,"skipped":0,"pct":50},"functions":{"total":1,"covered":0,"skipped":0,"pct":0},"statements":{"total":4,"covered":2,"skipped":0,"pct":50},"branches":{"total":4,"covered":0,"skipped":0,"pct":0}}
,"/Users/takemiyamakoto/dev/polkaswap-exchange-web/vendor/lodash-es/union.js": {"lines":{"total":2,"covered":1,"skipped":0,"pct":50},"functions":{"total":1,"covered":0,"skipped":0,"pct":0},"statements":{"total":2,"covered":1,"skipped":0,"pct":50},"branches":{"total":0,"covered":0,"skipped":0,"pct":100}}
,"/Users/takemiyamakoto/dev/polkaswap-exchange-web/vendor/lodash-es/unionBy.js": {"lines":{"total":5,"covered":1,"skipped":0,"pct":20},"functions":{"total":1,"covered":0,"skipped":0,"pct":0},"statements":{"total":5,"covered":1,"skipped":0,"pct":20},"branches":{"total":2,"covered":0,"skipped":0,"pct":0}}
,"/Users/takemiyamakoto/dev/polkaswap-exchange-web/vendor/lodash-es/unionWith.js": {"lines":{"total":4,"covered":1,"skipped":0,"pct":25},"functions":{"total":1,"covered":0,"skipped":0,"pct":0},"statements":{"total":4,"covered":1,"skipped":0,"pct":25},"branches":{"total":2,"covered":0,"skipped":0,"pct":0}}
,"/Users/takemiyamakoto/dev/polkaswap-exchange-web/vendor/lodash-es/uniq.js": {"lines":{"total":1,"covered":0,"skipped":0,"pct":0},"functions":{"total":1,"covered":0,"skipped":0,"pct":0},"statements":{"total":1,"covered":0,"skipped":0,"pct":0},"branches":{"total":4,"covered":0,"skipped":0,"pct":0}}
,"/Users/takemiyamakoto/dev/polkaswap-exchange-web/vendor/lodash-es/uniqBy.js": {"lines":{"total":1,"covered":0,"skipped":0,"pct":0},"functions":{"total":1,"covered":0,"skipped":0,"pct":0},"statements":{"total":1,"covered":0,"skipped":0,"pct":0},"branches":{"total":4,"covered":0,"skipped":0,"pct":0}}
,"/Users/takemiyamakoto/dev/polkaswap-exchange-web/vendor/lodash-es/uniqWith.js": {"lines":{"total":2,"covered":0,"skipped":0,"pct":0},"functions":{"total":1,"covered":0,"skipped":0,"pct":0},"statements":{"total":2,"covered":0,"skipped":0,"pct":0},"branches":{"total":6,"covered":0,"skipped":0,"pct":0}}
,"/Users/takemiyamakoto/dev/polkaswap-exchange-web/vendor/lodash-es/uniqueId.js": {"lines":{"total":3,"covered":1,"skipped":0,"pct":33.33},"functions":{"total":1,"covered":0,"skipped":0,"pct":0},"statements":{"total":3,"covered":1,"skipped":0,"pct":33.33},"branches":{"total":0,"covered":0,"skipped":0,"pct":100}}
,"/Users/takemiyamakoto/dev/polkaswap-exchange-web/vendor/lodash-es/unset.js": {"lines":{"total":1,"covered":0,"skipped":0,"pct":0},"functions":{"total":1,"covered":0,"skipped":0,"pct":0},"statements":{"total":1,"covered":0,"skipped":0,"pct":0},"branches":{"total":2,"covered":0,"skipped":0,"pct":0}}
,"/Users/takemiyamakoto/dev/polkaswap-exchange-web/vendor/lodash-es/unzip.js": {"lines":{"total":10,"covered":1,"skipped":0,"pct":10},"functions":{"total":3,"covered":0,"skipped":0,"pct":0},"statements":{"total":10,"covered":1,"skipped":0,"pct":10},"branches":{"total":6,"covered":0,"skipped":0,"pct":0}}
,"/Users/takemiyamakoto/dev/polkaswap-exchange-web/vendor/lodash-es/unzipWith.js": {"lines":{"total":7,"covered":0,"skipped":0,"pct":0},"functions":{"total":2,"covered":0,"skipped":0,"pct":0},"statements":{"total":7,"covered":0,"skipped":0,"pct":0},"branches":{"total":6,"covered":0,"skipped":0,"pct":0}}
,"/Users/takemiyamakoto/dev/polkaswap-exchange-web/vendor/lodash-es/update.js": {"lines":{"total":1,"covered":0,"skipped":0,"pct":0},"functions":{"total":1,"covered":0,"skipped":0,"pct":0},"statements":{"total":1,"covered":0,"skipped":0,"pct":0},"branches":{"total":2,"covered":0,"skipped":0,"pct":0}}
,"/Users/takemiyamakoto/dev/polkaswap-exchange-web/vendor/lodash-es/updateWith.js": {"lines":{"total":2,"covered":0,"skipped":0,"pct":0},"functions":{"total":1,"covered":0,"skipped":0,"pct":0},"statements":{"total":2,"covered":0,"skipped":0,"pct":0},"branches":{"total":4,"covered":0,"skipped":0,"pct":0}}
,"/Users/takemiyamakoto/dev/polkaswap-exchange-web/vendor/lodash-es/upperCase.js": {"lines":{"total":2,"covered":1,"skipped":0,"pct":50},"functions":{"total":1,"covered":0,"skipped":0,"pct":0},"statements":{"total":2,"covered":1,"skipped":0,"pct":50},"branches":{"total":2,"covered":0,"skipped":0,"pct":0}}
,"/Users/takemiyamakoto/dev/polkaswap-exchange-web/vendor/lodash-es/upperFirst.js": {"lines":{"total":1,"covered":1,"skipped":0,"pct":100},"functions":{"total":0,"covered":0,"skipped":0,"pct":100},"statements":{"total":1,"covered":1,"skipped":0,"pct":100},"branches":{"total":0,"covered":0,"skipped":0,"pct":100}}
,"/Users/takemiyamakoto/dev/polkaswap-exchange-web/vendor/lodash-es/util.default.js": {"lines":{"total":0,"covered":0,"skipped":0,"pct":100},"functions":{"total":0,"covered":0,"skipped":0,"pct":100},"statements":{"total":0,"covered":0,"skipped":0,"pct":100},"branches":{"total":0,"covered":0,"skipped":0,"pct":100}}
,"/Users/takemiyamakoto/dev/polkaswap-exchange-web/vendor/lodash-es/util.js": {"lines":{"total":0,"covered":0,"skipped":0,"pct":100},"functions":{"total":0,"covered":0,"skipped":0,"pct":100},"statements":{"total":0,"covered":0,"skipped":0,"pct":100},"branches":{"total":0,"covered":0,"skipped":0,"pct":100}}
,"/Users/takemiyamakoto/dev/polkaswap-exchange-web/vendor/lodash-es/value.js": {"lines":{"total":0,"covered":0,"skipped":0,"pct":100},"functions":{"total":0,"covered":0,"skipped":0,"pct":100},"statements":{"total":0,"covered":0,"skipped":0,"pct":100},"branches":{"total":0,"covered":0,"skipped":0,"pct":100}}
,"/Users/takemiyamakoto/dev/polkaswap-exchange-web/vendor/lodash-es/valueOf.js": {"lines":{"total":0,"covered":0,"skipped":0,"pct":100},"functions":{"total":0,"covered":0,"skipped":0,"pct":100},"statements":{"total":0,"covered":0,"skipped":0,"pct":100},"branches":{"total":0,"covered":0,"skipped":0,"pct":100}}
,"/Users/takemiyamakoto/dev/polkaswap-exchange-web/vendor/lodash-es/values.js": {"lines":{"total":1,"covered":0,"skipped":0,"pct":0},"functions":{"total":1,"covered":0,"skipped":0,"pct":0},"statements":{"total":1,"covered":0,"skipped":0,"pct":0},"branches":{"total":2,"covered":0,"skipped":0,"pct":0}}
,"/Users/takemiyamakoto/dev/polkaswap-exchange-web/vendor/lodash-es/valuesIn.js": {"lines":{"total":1,"covered":0,"skipped":0,"pct":0},"functions":{"total":1,"covered":0,"skipped":0,"pct":0},"statements":{"total":1,"covered":0,"skipped":0,"pct":0},"branches":{"total":2,"covered":0,"skipped":0,"pct":0}}
,"/Users/takemiyamakoto/dev/polkaswap-exchange-web/vendor/lodash-es/without.js": {"lines":{"total":2,"covered":1,"skipped":0,"pct":50},"functions":{"total":1,"covered":0,"skipped":0,"pct":0},"statements":{"total":2,"covered":1,"skipped":0,"pct":50},"branches":{"total":2,"covered":0,"skipped":0,"pct":0}}
,"/Users/takemiyamakoto/dev/polkaswap-exchange-web/vendor/lodash-es/words.js": {"lines":{"total":5,"covered":0,"skipped":0,"pct":0},"functions":{"total":1,"covered":0,"skipped":0,"pct":0},"statements":{"total":5,"covered":0,"skipped":0,"pct":0},"branches":{"total":8,"covered":0,"skipped":0,"pct":0}}
,"/Users/takemiyamakoto/dev/polkaswap-exchange-web/vendor/lodash-es/wrap.js": {"lines":{"total":1,"covered":0,"skipped":0,"pct":0},"functions":{"total":1,"covered":0,"skipped":0,"pct":0},"statements":{"total":1,"covered":0,"skipped":0,"pct":0},"branches":{"total":0,"covered":0,"skipped":0,"pct":100}}
,"/Users/takemiyamakoto/dev/polkaswap-exchange-web/vendor/lodash-es/wrapperAt.js": {"lines":{"total":14,"covered":1,"skipped":0,"pct":7.14},"functions":{"total":3,"covered":0,"skipped":0,"pct":0},"statements":{"total":14,"covered":1,"skipped":0,"pct":7.14},"branches":{"total":14,"covered":0,"skipped":0,"pct":0}}
,"/Users/takemiyamakoto/dev/polkaswap-exchange-web/vendor/lodash-es/wrapperChain.js": {"lines":{"total":1,"covered":0,"skipped":0,"pct":0},"functions":{"total":1,"covered":0,"skipped":0,"pct":0},"statements":{"total":1,"covered":0,"skipped":0,"pct":0},"branches":{"total":0,"covered":0,"skipped":0,"pct":100}}
,"/Users/takemiyamakoto/dev/polkaswap-exchange-web/vendor/lodash-es/wrapperLodash.js": {"lines":{"total":10,"covered":4,"skipped":0,"pct":40},"functions":{"total":1,"covered":0,"skipped":0,"pct":0},"statements":{"total":10,"covered":4,"skipped":0,"pct":40},"branches":{"total":9,"covered":0,"skipped":0,"pct":0}}
,"/Users/takemiyamakoto/dev/polkaswap-exchange-web/vendor/lodash-es/wrapperReverse.js": {"lines":{"total":9,"covered":0,"skipped":0,"pct":0},"functions":{"total":1,"covered":0,"skipped":0,"pct":0},"statements":{"total":9,"covered":0,"skipped":0,"pct":0},"branches":{"total":4,"covered":0,"skipped":0,"pct":0}}
,"/Users/takemiyamakoto/dev/polkaswap-exchange-web/vendor/lodash-es/wrapperValue.js": {"lines":{"total":1,"covered":0,"skipped":0,"pct":0},"functions":{"total":1,"covered":0,"skipped":0,"pct":0},"statements":{"total":1,"covered":0,"skipped":0,"pct":0},"branches":{"total":0,"covered":0,"skipped":0,"pct":100}}
,"/Users/takemiyamakoto/dev/polkaswap-exchange-web/vendor/lodash-es/xor.js": {"lines":{"total":2,"covered":1,"skipped":0,"pct":50},"functions":{"total":1,"covered":0,"skipped":0,"pct":0},"statements":{"total":2,"covered":1,"skipped":0,"pct":50},"branches":{"total":0,"covered":0,"skipped":0,"pct":100}}
,"/Users/takemiyamakoto/dev/polkaswap-exchange-web/vendor/lodash-es/xorBy.js": {"lines":{"total":5,"covered":1,"skipped":0,"pct":20},"functions":{"total":1,"covered":0,"skipped":0,"pct":0},"statements":{"total":5,"covered":1,"skipped":0,"pct":20},"branches":{"total":2,"covered":0,"skipped":0,"pct":0}}
,"/Users/takemiyamakoto/dev/polkaswap-exchange-web/vendor/lodash-es/xorWith.js": {"lines":{"total":4,"covered":1,"skipped":0,"pct":25},"functions":{"total":1,"covered":0,"skipped":0,"pct":0},"statements":{"total":4,"covered":1,"skipped":0,"pct":25},"branches":{"total":2,"covered":0,"skipped":0,"pct":0}}
,"/Users/takemiyamakoto/dev/polkaswap-exchange-web/vendor/lodash-es/zip.js": {"lines":{"total":1,"covered":1,"skipped":0,"pct":100},"functions":{"total":0,"covered":0,"skipped":0,"pct":100},"statements":{"total":1,"covered":1,"skipped":0,"pct":100},"branches":{"total":0,"covered":0,"skipped":0,"pct":100}}
,"/Users/takemiyamakoto/dev/polkaswap-exchange-web/vendor/lodash-es/zipObject.js": {"lines":{"total":1,"covered":0,"skipped":0,"pct":0},"functions":{"total":1,"covered":0,"skipped":0,"pct":0},"statements":{"total":1,"covered":0,"skipped":0,"pct":0},"branches":{"total":4,"covered":0,"skipped":0,"pct":0}}
,"/Users/takemiyamakoto/dev/polkaswap-exchange-web/vendor/lodash-es/zipObjectDeep.js": {"lines":{"total":1,"covered":0,"skipped":0,"pct":0},"functions":{"total":1,"covered":0,"skipped":0,"pct":0},"statements":{"total":1,"covered":0,"skipped":0,"pct":0},"branches":{"total":4,"covered":0,"skipped":0,"pct":0}}
,"/Users/takemiyamakoto/dev/polkaswap-exchange-web/vendor/lodash-es/zipWith.js": {"lines":{"total":5,"covered":1,"skipped":0,"pct":20},"functions":{"total":1,"covered":0,"skipped":0,"pct":0},"statements":{"total":5,"covered":1,"skipped":0,"pct":20},"branches":{"total":4,"covered":0,"skipped":0,"pct":0}}
,"/Users/takemiyamakoto/dev/polkaswap-exchange-web/vendor/maska/dist/maska.mjs": {"lines":{"total":144,"covered":13,"skipped":0,"pct":9.02},"functions":{"total":43,"covered":0,"skipped":0,"pct":0},"statements":{"total":170,"covered":13,"skipped":0,"pct":7.64},"branches":{"total":251,"covered":0,"skipped":0,"pct":0}}
,"/Users/takemiyamakoto/dev/polkaswap-exchange-web/vendor/maska/dist/vue.mjs": {"lines":{"total":15,"covered":3,"skipped":0,"pct":20},"functions":{"total":3,"covered":0,"skipped":0,"pct":0},"statements":{"total":17,"covered":3,"skipped":0,"pct":17.64},"branches":{"total":34,"covered":0,"skipped":0,"pct":0}}
,"/Users/takemiyamakoto/dev/polkaswap-exchange-web/vendor/vue-virtual-scroller/dist/vue-virtual-scroller.css": {"lines":{"total":0,"covered":0,"skipped":0,"pct":100},"functions":{"total":0,"covered":0,"skipped":0,"pct":100},"statements":{"total":0,"covered":0,"skipped":0,"pct":100},"branches":{"total":0,"covered":0,"skipped":0,"pct":100}}
}
